2021-04-17 08:57:43,473 INFO org.springframework.boot.StartupInfoLogger [main] Starting FirestationControllerIT using Java 11.0.10 on hero with PID 15971 (started by kiki in /home/kiki/IdeaProjects/alerts)
2021-04-17 08:57:43,476 INFO org.springframework.boot.SpringApplication [main] The following profiles are active: development
2021-04-17 08:57:46,522 INFO org.springframework.boot.StartupInfoLogger [main] Started FirestationControllerIT in 3.724 seconds (JVM running for 5.975)
2021-04-17 08:57:47,706 INFO com.safetynet.alerts.controller.FirestationController [main] Request = @RequestBody = Firestation [station=10, address=67 Rue michon]
2021-04-17 08:57:47,743 INFO com.safetynet.alerts.controller.FirestationController [main] Response = @ResponseBody = Firestation [station=10, address=67 Rue michon]
2021-04-17 08:57:47,841 INFO com.safetynet.alerts.controller.FirestationController [main] Request: retrieve phone number for residents covered by station 10 
2021-04-17 08:57:47,860 INFO com.safetynet.alerts.controller.FirestationController [main] Response: phone number for residents covered by station 10 : []
2021-04-17 08:57:47,874 INFO com.safetynet.alerts.controller.FirestationController [main] Request: retrieve persons covered at address: 1509 Culver St
2021-04-17 08:57:47,927 ERROR com.safetynet.alerts.service.MedicalRecordService [main] Invalid value for DayOfMonth (valid values 1 - 28/31): 0
2021-04-17 08:57:47,968 ERROR com.safetynet.alerts.service.MedicalRecordService [main] Invalid value for DayOfMonth (valid values 1 - 28/31): 0
2021-04-17 08:57:47,998 INFO com.safetynet.alerts.controller.FirestationController [main] Response : persons covered at address: PersonsCoveredByStation{stationID=3, personsCovered=[null, PersonInfoDTO{nom='Jacob', prenom='Boyd', age=1931, email='drk@email.com', phone='841-874-6513', address='1509 Culver St', allergies=[], medications=[pharmacol:5000mg, terazine:10mg, noznazol:250mg]}, null, PersonInfoDTO{nom='Roger', prenom='Boyd', age=1903, email='jaboyd@email.com', phone='841-874-6512', address='1509 Culver St', allergies=[], medications=[]}, PersonInfoDTO{nom='Felicia', prenom='Boyd', age=1934, email='jaboyd@email.com', phone='841-874-6544', address='1509 Culver St', allergies=[xilliathal], medications=[tetracyclaz:650mg]}], nbAdult=0, nbEnfants=0}
2021-04-17 08:57:48,018 INFO com.safetynet.alerts.controller.FirestationController [main] GET /firestations called
2021-04-17 08:57:48,048 INFO com.safetynet.alerts.controller.FirestationController [main] Request: retrieve children covered at address cotonou
2021-04-17 08:57:48,060 INFO com.safetynet.alerts.controller.FirestationController [main] Response : persons covered at address cotonou : com.safetynet.alerts.model.dto.ChildrenCoveredDTO@4db46344
2021-04-17 08:57:48,076 INFO com.safetynet.alerts.controller.FirestationController [main] Request: retrieve Persons covered by station 10
2021-04-17 08:57:48,096 INFO com.safetynet.alerts.controller.FirestationController [main] Response : persons covered by station 10: PersonsCoveredByStation{stationID=10, personsCovered=[], nbAdult=0, nbEnfants=0}
2021-04-17 08:57:48,113 INFO com.safetynet.alerts.controller.FirestationController [main] Request = @RequestBody = Firestation [station=10, address=69 Rue machon]
2021-04-17 08:57:48,164 INFO com.safetynet.alerts.controller.FirestationController [main] Response = @ResponseBody = Firestation [station=10, address=69 Rue machon]
2021-04-17 08:57:48,290 INFO org.springframework.boot.StartupInfoLogger [main] Starting FirestationControllerTest using Java 11.0.10 on hero with PID 15971 (started by kiki in /home/kiki/IdeaProjects/alerts)
2021-04-17 08:57:48,291 INFO org.springframework.boot.SpringApplication [main] The following profiles are active: development
2021-04-17 08:57:49,416 INFO org.springframework.boot.StartupInfoLogger [main] Started FirestationControllerTest in 1.185 seconds (JVM running for 8.869)
2021-04-17 08:57:49,502 INFO com.safetynet.alerts.controller.FirestationController [main] Request = @RequestBody = Firestation [station=1, address=Rue 34 Cotonou]
2021-04-17 08:57:49,516 INFO com.safetynet.alerts.controller.FirestationController [main] Response = @ResponseBody = Firestation [station=1, address=Rue 34 Cotonou]
2021-04-17 08:57:49,640 INFO com.safetynet.alerts.controller.FirestationController [main] Request: retrieve stations coverage: [1, 2]
2021-04-17 08:57:49,643 INFO com.safetynet.alerts.controller.FirestationController [main] Response : stations coverage: [com.safetynet.alerts.model.dto.StationCoverageDTO@120d13ae, com.safetynet.alerts.model.dto.StationCoverageDTO@1aaaabd1]
2021-04-17 08:57:49,673 INFO com.safetynet.alerts.controller.FirestationController [main] Request: retrieve persons covered at address: 25 rue Beauchamp
2021-04-17 08:57:49,675 INFO com.safetynet.alerts.controller.FirestationController [main] Response : persons covered at address: PersonsCoveredByStation{stationID=1, personsCovered=[PersonInfoDTO{nom='Frank', prenom='Alain', age=0, email='null', phone='null', address='null', allergies=null, medications=null}, PersonInfoDTO{nom='Bill', prenom='Black', age=0, email='null', phone='null', address='null', allergies=null, medications=null}], nbAdult=0, nbEnfants=0}
2021-04-17 08:57:49,705 INFO com.safetynet.alerts.controller.FirestationController [main] GET /firestations called
2021-04-17 08:57:49,732 INFO com.safetynet.alerts.controller.FirestationController [main] Request: retrieve Persons covered by station 1
2021-04-17 08:57:49,733 INFO com.safetynet.alerts.controller.FirestationController [main] Response : persons covered by station 1: PersonsCoveredByStation{stationID=1, personsCovered=[PersonInfoDTO{nom='Frank', prenom='Alain', age=0, email='null', phone='null', address='null', allergies=null, medications=null}, PersonInfoDTO{nom='Bill', prenom='Black', age=0, email='null', phone='null', address='null', allergies=null, medications=null}], nbAdult=0, nbEnfants=0}
2021-04-17 08:57:49,749 INFO com.safetynet.alerts.controller.FirestationController [main] Request: retrieve phone number for residents covered by station 1 
2021-04-17 08:57:49,752 INFO com.safetynet.alerts.controller.FirestationController [main] Response: phone number for residents covered by station 1 : [24 132 45]
2021-04-17 08:57:49,771 INFO com.safetynet.alerts.controller.FirestationController [main] Request = @RequestBody = Firestation [station=1, address=Rue 35 Cotonou]
2021-04-17 08:57:49,799 INFO com.safetynet.alerts.controller.FirestationController [main] Request: retrieve children covered at address 25 rue Beauchamp
2021-04-17 08:57:49,800 INFO com.safetynet.alerts.controller.FirestationController [main] Response : persons covered at address 25 rue Beauchamp : com.safetynet.alerts.model.dto.ChildrenCoveredDTO@3a116ca6
2021-04-17 08:57:49,944 INFO org.springframework.boot.StartupInfoLogger [main] Starting AlertsApplicationTests using Java 11.0.10 on hero with PID 15971 (started by kiki in /home/kiki/IdeaProjects/alerts)
2021-04-17 08:57:49,945 INFO org.springframework.boot.SpringApplication [main] The following profiles are active: development
2021-04-17 08:57:51,251 INFO org.springframework.boot.StartupInfoLogger [main] Started AlertsApplicationTests in 1.412 seconds (JVM running for 10.704)
2021-04-17 08:57:51,976 INFO com.safetynet.alerts.service.PersonService [main] Updating  person nom: 'mike' prénom: 'fiver
2021-04-17 08:57:51,978 INFO com.safetynet.alerts.service.PersonService [main] Updated  to: Person [lastName=fiver, firstName=mike, address=Rue 54 parakou, city=Parakou, zip=0000, phone=928 8484 88, email=null]
2021-04-17 08:57:51,984 INFO com.safetynet.alerts.service.PersonService [main] Deleting the person
2021-04-17 08:57:51,985 INFO com.safetynet.alerts.service.PersonService [main] Person [nom:mike prénom:fred] successfully deleted
2021-04-17 08:57:52,111 INFO org.springframework.boot.StartupInfoLogger [main] Starting MedicalRecordControllerTest using Java 11.0.10 on hero with PID 15971 (started by kiki in /home/kiki/IdeaProjects/alerts)
2021-04-17 08:57:52,112 INFO org.springframework.boot.SpringApplication [main] The following profiles are active: development
2021-04-17 08:57:52,490 INFO org.springframework.boot.StartupInfoLogger [main] Started MedicalRecordControllerTest in 0.458 seconds (JVM running for 11.943)
2021-04-17 08:57:52,510 INFO com.safetynet.alerts.controller.MedicalRecordController [main] Request = @RequestBody = MedicalRecord [firstName=Aline, lastName=Dupont, birthdate=Thu Feb 24 01:00:00 WAT 2000, medications=[beotim:200mg, flavoquine:400mg], allergies=[spatonine, alacol]]
2021-04-17 08:57:52,511 INFO com.safetynet.alerts.controller.MedicalRecordController [main] Response = @ResponseBody = MedicalRecord [firstName=Aline, lastName=Dupont, birthdate=Fri Feb 25 00:00:00 WAT 2000, medications=[beotim:200mg, flavoquine:400mg], allergies=[spatonine, alacol]]
2021-04-17 08:57:52,527 INFO com.safetynet.alerts.controller.MedicalRecordController [main] GET /medicalrecords called
2021-04-17 08:57:52,543 INFO com.safetynet.alerts.controller.MedicalRecordController [main] Request Delete = @RequestBody = Dupond,Aline
2021-04-17 08:57:52,564 INFO com.safetynet.alerts.controller.MedicalRecordController [main] Request = @RequestBody = MedicalRecord [firstName=Aline, lastName=Durand, birthdate=Wed Feb 14 01:00:00 WAT 2001, medications=[quinine:200mg, chloroquine:400mg], allergies=[spatomine, beoziol]]
2021-04-17 08:57:52,713 ERROR com.safetynet.alerts.service.MedicalRecordService [main] Invalid value for DayOfMonth (valid values 1 - 28/31): 0
2021-04-17 08:57:52,834 INFO com.safetynet.alerts.service.MedicalRecordService [main] Deleting the person
2021-04-17 08:57:52,839 INFO com.safetynet.alerts.service.MedicalRecordService [main] Updating  person nom: 'Bill' prénom: 'Gink
2021-04-17 08:57:52,840 INFO com.safetynet.alerts.service.MedicalRecordService [main] Updated  to: MedicalRecord [firstName=Bill, lastName=Gink, birthdate=null, medications=[cipro], allergies=[phenol]]
2021-04-17 08:57:52,949 INFO org.springframework.boot.StartupInfoLogger [main] Starting PersonControllerTest using Java 11.0.10 on hero with PID 15971 (started by kiki in /home/kiki/IdeaProjects/alerts)
2021-04-17 08:57:52,950 INFO org.springframework.boot.SpringApplication [main] The following profiles are active: development
2021-04-17 08:57:53,381 INFO org.springframework.boot.StartupInfoLogger [main] Started PersonControllerTest in 0.504 seconds (JVM running for 12.834)
2021-04-17 08:57:53,392 INFO com.safetynet.alerts.controller.PersonController [main] GET /persons called
2021-04-17 08:57:53,410 INFO com.safetynet.alerts.controller.PersonController [main] Request = @RequestBody = Person [lastName=Martin, firstName=Bruce, address=25, Avenue RIO, city=Porto, zip=null, phone=32002020, email=bmartin@gmail.com]
2021-04-17 08:57:53,411 INFO com.safetynet.alerts.controller.PersonController [main] Response = @ResponseBody = Person [lastName=Martin, firstName=Bruce, address=25, Avenue RIO, city=Porto, zip=null, phone=32002020, email=bmartin@gmail.com]
2021-04-17 08:57:53,429 INFO com.safetynet.alerts.controller.PersonController [main] Request = @RequestBody = Person [lastName=Franklin, firstName=LORD, address=43 Bruyère, city=Albatros, zip=8484848, phone=0203003, email=flord@test.com]
2021-04-17 08:57:53,457 INFO com.safetynet.alerts.controller.PersonController [main] Request Delete person firstname karl, lastname mike
2021-04-17 08:57:53,493 INFO com.safetynet.alerts.controller.PersonController [main] Request Delete person firstname karl, lastname mike
2021-04-17 08:57:53,511 INFO com.safetynet.alerts.controller.PersonController [main] Request Delete person firstname , lastname mike
2021-04-17 08:57:53,524 INFO com.safetynet.alerts.controller.PersonController [main] Request Delete person firstname Dupont, lastname Aline
2021-04-17 08:57:53,548 INFO com.safetynet.alerts.controller.PersonController [main] Request community Parakou emails 
2021-04-17 08:57:53,569 INFO com.safetynet.alerts.controller.MedicalRecordController [main] GET /medicalrecords called
2021-04-17 08:57:53,609 INFO com.safetynet.alerts.controller.MedicalRecordController [main] Request = @RequestBody = MedicalRecord [firstName=Aline, lastName=Dupont, birthdate=Thu Feb 24 01:00:00 WAT 2000, medications=[beotim:200mg, flavoquine:400mg], allergies=[spatonine, alacol]]
2021-04-17 08:57:53,648 INFO com.safetynet.alerts.controller.MedicalRecordController [main] Response = @ResponseBody = MedicalRecord [firstName=Aline, lastName=Dupont, birthdate=Thu Feb 24 01:00:00 WAT 2000, medications=[beotim:200mg, flavoquine:400mg], allergies=[spatonine, alacol]]
2021-04-17 08:57:53,676 INFO com.safetynet.alerts.controller.MedicalRecordController [main] Request = @RequestBody = MedicalRecord [firstName=Aline, lastName=Dupont, birthdate=Wed Feb 14 01:00:00 WAT 2001, medications=[quinine:200mg, chloroquine:400mg], allergies=[spatomine, beoziol]]
2021-04-17 08:57:53,726 INFO com.safetynet.alerts.controller.MedicalRecordController [main] Response = @ResponseBody = MedicalRecord [firstName=Aline, lastName=Dupont, birthdate=Wed Feb 14 01:00:00 WAT 2001, medications=[quinine:200mg, chloroquine:400mg], allergies=[spatomine, beoziol]]
2021-04-17 08:57:53,741 INFO com.safetynet.alerts.controller.MedicalRecordController [main] Request Delete = @RequestBody = Dupont,Aline
2021-04-17 08:57:53,742 INFO com.safetynet.alerts.service.MedicalRecordService [main] Deleting the person
2021-04-17 08:57:53,823 INFO com.safetynet.alerts.controller.PersonController [main] Request = @RequestBody = Person [lastName=Benett, firstName=Trump, address=null, city=Parakou, zip=000000, phone=00495929949, email=btrump@trump.world]
2021-04-17 08:57:53,855 INFO com.safetynet.alerts.controller.PersonController [main] Response = @ResponseBody = Person [lastName=Benett, firstName=Trump, address=null, city=Parakou, zip=000000, phone=00495929949, email=btrump@trump.world]
2021-04-17 08:57:53,874 INFO com.safetynet.alerts.controller.PersonController [main] GET /persons called
2021-04-17 08:57:53,895 INFO com.safetynet.alerts.controller.PersonController [main] Request = @RequestBody = Person [lastName=Benett, firstName=Trump, address=null, city=Cotonou, zip=000000, phone=093939292, email=btrump@trump.world]
2021-04-17 08:57:53,905 INFO com.safetynet.alerts.controller.PersonController [main] Response = @ResponseBody = Person [lastName=Benett, firstName=Trump, address=null, city=Cotonou, zip=000000, phone=093939292, email=btrump@trump.world]
2021-04-17 08:57:53,937 INFO com.safetynet.alerts.controller.PersonController [main] Request Delete person firstname Trump, lastname Benett
2021-04-17 08:57:53,945 INFO com.safetynet.alerts.service.PersonService [main] Deleting the person
2021-04-17 08:57:53,966 INFO com.safetynet.alerts.service.PersonService [main] Person [nom:Trump prénom:Benett] successfully deleted
2021-04-17 15:48:12,322 INFO org.springframework.boot.StartupInfoLogger [main] Starting AlertsApplicationTests using Java 11.0.10 on hero with PID 20907 (started by kiki in /home/kiki/IdeaProjects/alerts)
2021-04-17 15:48:12,324 INFO org.springframework.boot.SpringApplication [main] The following profiles are active: development
2021-04-17 15:48:14,221 INFO org.springframework.boot.StartupInfoLogger [main] Started AlertsApplicationTests in 2.298 seconds (JVM running for 3.503)
2021-04-17 15:48:15,472 ERROR com.safetynet.alerts.service.MedicalRecordService [main] Invalid value for DayOfMonth (valid values 1 - 28/31): 0
2021-04-17 15:48:15,619 INFO com.safetynet.alerts.service.MedicalRecordService [main] Deleting the person
2021-04-17 15:48:15,636 INFO com.safetynet.alerts.service.MedicalRecordService [main] Updating  person nom: 'Bill' prénom: 'Gink
2021-04-17 15:48:15,638 INFO com.safetynet.alerts.service.MedicalRecordService [main] Updated  to: MedicalRecord [firstName=Bill, lastName=Gink, birthdate=Sun Dec 03 00:00:00 WAT 2000, medications=[cipro], allergies=[phenol]]
2021-04-17 15:48:15,858 INFO com.safetynet.alerts.service.PersonService [main] Updating  person nom: 'mike' prénom: 'fiver
2021-04-17 15:48:15,859 INFO com.safetynet.alerts.service.PersonService [main] Updated  to: Person [lastName=fiver, firstName=mike, address=Rue 54 parakou, city=Parakou, zip=0000, phone=928 8484 88, email=null]
2021-04-17 15:48:15,866 INFO com.safetynet.alerts.service.PersonService [main] Deleting the person
2021-04-17 15:48:15,867 INFO com.safetynet.alerts.service.PersonService [main] Person [nom:mike prénom:fred] successfully deleted
2021-04-17 15:48:16,115 INFO org.springframework.boot.StartupInfoLogger [main] Starting MedicalRecordControllerTest using Java 11.0.10 on hero with PID 20907 (started by kiki in /home/kiki/IdeaProjects/alerts)
2021-04-17 15:48:16,115 INFO org.springframework.boot.SpringApplication [main] The following profiles are active: development
2021-04-17 15:48:17,200 INFO org.springframework.boot.StartupInfoLogger [main] Started MedicalRecordControllerTest in 1.191 seconds (JVM running for 6.482)
2021-04-17 15:48:17,518 INFO com.safetynet.alerts.controller.MedicalRecordController [main] Request = @RequestBody = MedicalRecord [firstName=Aline, lastName=Dupont, birthdate=Thu Feb 24 01:00:00 WAT 2000, medications=[beotim:200mg, flavoquine:400mg], allergies=[spatonine, alacol]]
2021-04-17 15:48:17,524 INFO com.safetynet.alerts.controller.MedicalRecordController [main] Response = @ResponseBody = MedicalRecord [firstName=Aline, lastName=Dupont, birthdate=Fri Feb 25 00:00:00 WAT 2000, medications=[beotim:200mg, flavoquine:400mg], allergies=[spatonine, alacol]]
2021-04-17 15:48:17,736 INFO com.safetynet.alerts.controller.MedicalRecordController [main] GET /medicalrecords called
2021-04-17 15:48:17,770 INFO com.safetynet.alerts.controller.MedicalRecordController [main] Request Delete = @RequestBody = Dupond,Aline
2021-04-17 15:48:17,793 INFO com.safetynet.alerts.controller.MedicalRecordController [main] Request = @RequestBody = MedicalRecord [firstName=Aline, lastName=Durand, birthdate=Wed Feb 14 01:00:00 WAT 2001, medications=[quinine:200mg, chloroquine:400mg], allergies=[spatomine, beoziol]]
2021-04-17 15:48:17,954 INFO org.springframework.boot.StartupInfoLogger [main] Starting PersonControllerTest using Java 11.0.10 on hero with PID 20907 (started by kiki in /home/kiki/IdeaProjects/alerts)
2021-04-17 15:48:17,955 INFO org.springframework.boot.SpringApplication [main] The following profiles are active: development
2021-04-17 15:48:18,527 INFO org.springframework.boot.StartupInfoLogger [main] Started PersonControllerTest in 0.69 seconds (JVM running for 7.809)
2021-04-17 15:48:18,541 INFO com.safetynet.alerts.controller.PersonController [main] GET /persons called
2021-04-17 15:48:18,565 INFO com.safetynet.alerts.controller.PersonController [main] Request = @RequestBody = Person [lastName=Martin, firstName=Bruce, address=25, Avenue RIO, city=Porto, zip=null, phone=32002020, email=bmartin@gmail.com]
2021-04-17 15:48:18,566 INFO com.safetynet.alerts.controller.PersonController [main] Response = @ResponseBody = Person [lastName=Martin, firstName=Bruce, address=25, Avenue RIO, city=Porto, zip=null, phone=32002020, email=bmartin@gmail.com]
2021-04-17 15:48:18,585 INFO com.safetynet.alerts.controller.PersonController [main] Request = @RequestBody = Person [lastName=Franklin, firstName=LORD, address=43 Bruyère, city=Albatros, zip=8484848, phone=0203003, email=flord@test.com]
2021-04-17 15:48:18,628 INFO com.safetynet.alerts.controller.PersonController [main] Request Delete person firstname karl, lastname mike
2021-04-17 15:48:18,662 INFO com.safetynet.alerts.controller.PersonController [main] Request Delete person firstname karl, lastname mike
2021-04-17 15:48:18,681 INFO com.safetynet.alerts.controller.PersonController [main] Request Delete person firstname , lastname mike
2021-04-17 15:48:18,701 INFO com.safetynet.alerts.controller.PersonController [main] Request Delete person firstname Dupont, lastname Aline
2021-04-17 15:48:18,725 INFO com.safetynet.alerts.controller.PersonController [main] Request community Parakou emails 
2021-04-17 15:48:18,815 INFO org.springframework.boot.StartupInfoLogger [main] Starting FirestationControllerTest using Java 11.0.10 on hero with PID 20907 (started by kiki in /home/kiki/IdeaProjects/alerts)
2021-04-17 15:48:18,816 INFO org.springframework.boot.SpringApplication [main] The following profiles are active: development
2021-04-17 15:48:19,358 INFO org.springframework.boot.StartupInfoLogger [main] Started FirestationControllerTest in 0.605 seconds (JVM running for 8.64)
2021-04-17 15:48:19,374 INFO com.safetynet.alerts.controller.FirestationController [main] Request = @RequestBody = Firestation [station=1, address=Rue 34 Cotonou]
2021-04-17 15:48:19,375 INFO com.safetynet.alerts.controller.FirestationController [main] Response = @ResponseBody = Firestation [station=1, address=Rue 34 Cotonou]
2021-04-17 15:48:19,398 INFO com.safetynet.alerts.controller.FirestationController [main] Request: retrieve stations coverage: [1, 2]
2021-04-17 15:48:19,398 INFO com.safetynet.alerts.controller.FirestationController [main] Response : stations coverage: [com.safetynet.alerts.model.dto.StationCoverageDTO@3fecb076, com.safetynet.alerts.model.dto.StationCoverageDTO@62159fd]
2021-04-17 15:48:19,414 INFO com.safetynet.alerts.controller.FirestationController [main] Request: retrieve persons covered at address: 25 rue Beauchamp
2021-04-17 15:48:19,415 INFO com.safetynet.alerts.controller.FirestationController [main] Response : persons covered at address: PersonsCoveredByStation{stationID=1, personsCovered=[PersonInfoDTO{nom='Frank', prenom='Alain', age=0, email='null', phone='null', address='null', allergies=null, medications=null}, PersonInfoDTO{nom='Bill', prenom='Black', age=0, email='null', phone='null', address='null', allergies=null, medications=null}], nbAdult=0, nbEnfants=0}
2021-04-17 15:48:19,434 INFO com.safetynet.alerts.controller.FirestationController [main] GET /firestations called
2021-04-17 15:48:19,445 INFO com.safetynet.alerts.controller.FirestationController [main] Request: retrieve Persons covered by station 1
2021-04-17 15:48:19,446 INFO com.safetynet.alerts.controller.FirestationController [main] Response : persons covered by station 1: PersonsCoveredByStation{stationID=1, personsCovered=[PersonInfoDTO{nom='Frank', prenom='Alain', age=0, email='null', phone='null', address='null', allergies=null, medications=null}, PersonInfoDTO{nom='Bill', prenom='Black', age=0, email='null', phone='null', address='null', allergies=null, medications=null}], nbAdult=0, nbEnfants=0}
2021-04-17 15:48:19,459 INFO com.safetynet.alerts.controller.FirestationController [main] Request: retrieve phone number for residents covered by station 1 
2021-04-17 15:48:19,460 INFO com.safetynet.alerts.controller.FirestationController [main] Response: phone number for residents covered by station 1 : [24 132 45]
2021-04-17 15:48:19,472 INFO com.safetynet.alerts.controller.FirestationController [main] Request = @RequestBody = Firestation [station=1, address=Rue 35 Cotonou]
2021-04-17 15:48:19,489 INFO com.safetynet.alerts.controller.FirestationController [main] Request: retrieve children covered at address 25 rue Beauchamp
2021-04-17 15:48:19,490 INFO com.safetynet.alerts.controller.FirestationController [main] Response : persons covered at address 25 rue Beauchamp : com.safetynet.alerts.model.dto.ChildrenCoveredDTO@1d3e5a05
2021-04-17 15:52:19,507 INFO org.springframework.boot.StartupInfoLogger [main] Starting AlertsApplicationTests using Java 11.0.10 on hero with PID 21651 (started by kiki in /home/kiki/IdeaProjects/alerts)
2021-04-17 15:52:19,508 INFO org.springframework.boot.SpringApplication [main] The following profiles are active: development
2021-04-17 15:52:21,195 INFO org.springframework.boot.StartupInfoLogger [main] Started AlertsApplicationTests in 2.001 seconds (JVM running for 2.902)
2021-04-17 15:52:22,252 ERROR com.safetynet.alerts.service.MedicalRecordService [main] Invalid value for DayOfMonth (valid values 1 - 28/31): 0
2021-04-17 15:52:22,361 INFO com.safetynet.alerts.service.MedicalRecordService [main] Deleting the person
2021-04-17 15:52:22,373 INFO com.safetynet.alerts.service.MedicalRecordService [main] Updating  person nom: 'Bill' prénom: 'Gink
2021-04-17 15:52:22,373 INFO com.safetynet.alerts.service.MedicalRecordService [main] Updated  to: MedicalRecord [firstName=Bill, lastName=Gink, birthdate=Sun Dec 03 00:00:00 WAT 2000, medications=[cipro], allergies=[phenol]]
2021-04-17 15:52:22,524 INFO com.safetynet.alerts.service.PersonService [main] Updating  person nom: 'mike' prénom: 'fiver
2021-04-17 15:52:22,525 INFO com.safetynet.alerts.service.PersonService [main] Updated  to: Person [lastName=fiver, firstName=mike, address=Rue 54 parakou, city=Parakou, zip=0000, phone=928 8484 88, email=null]
2021-04-17 15:52:22,528 INFO com.safetynet.alerts.service.PersonService [main] Deleting the person
2021-04-17 15:52:22,529 INFO com.safetynet.alerts.service.PersonService [main] Person [nom:mike prénom:fred] successfully deleted
2021-04-17 15:52:22,653 INFO org.springframework.boot.StartupInfoLogger [main] Starting MedicalRecordControllerTest using Java 11.0.10 on hero with PID 21651 (started by kiki in /home/kiki/IdeaProjects/alerts)
2021-04-17 15:52:22,653 INFO org.springframework.boot.SpringApplication [main] The following profiles are active: development
2021-04-17 15:52:23,112 INFO org.springframework.boot.StartupInfoLogger [main] Started MedicalRecordControllerTest in 0.509 seconds (JVM running for 4.819)
2021-04-17 15:52:23,249 INFO com.safetynet.alerts.controller.MedicalRecordController [main] Request = @RequestBody = MedicalRecord [firstName=Aline, lastName=Dupont, birthdate=Thu Feb 24 01:00:00 WAT 2000, medications=[beotim:200mg, flavoquine:400mg], allergies=[spatonine, alacol]]
2021-04-17 15:52:23,251 INFO com.safetynet.alerts.controller.MedicalRecordController [main] Response = @ResponseBody = MedicalRecord [firstName=Aline, lastName=Dupont, birthdate=Fri Feb 25 00:00:00 WAT 2000, medications=[beotim:200mg, flavoquine:400mg], allergies=[spatonine, alacol]]
2021-04-17 15:52:23,318 INFO com.safetynet.alerts.controller.MedicalRecordController [main] GET /medicalrecords called
2021-04-17 15:52:23,336 INFO com.safetynet.alerts.controller.MedicalRecordController [main] Request Delete = @RequestBody = Dupond,Aline
2021-04-17 15:52:23,351 INFO com.safetynet.alerts.controller.MedicalRecordController [main] Request = @RequestBody = MedicalRecord [firstName=Aline, lastName=Durand, birthdate=Wed Feb 14 01:00:00 WAT 2001, medications=[quinine:200mg, chloroquine:400mg], allergies=[spatomine, beoziol]]
2021-04-17 15:52:23,417 INFO org.springframework.boot.StartupInfoLogger [main] Starting PersonControllerTest using Java 11.0.10 on hero with PID 21651 (started by kiki in /home/kiki/IdeaProjects/alerts)
2021-04-17 15:52:23,418 INFO org.springframework.boot.SpringApplication [main] The following profiles are active: development
2021-04-17 15:52:23,773 INFO org.springframework.boot.StartupInfoLogger [main] Started PersonControllerTest in 0.394 seconds (JVM running for 5.48)
2021-04-17 15:52:23,782 INFO com.safetynet.alerts.controller.PersonController [main] GET /persons called
2021-04-17 15:52:23,798 INFO com.safetynet.alerts.controller.PersonController [main] Request = @RequestBody = Person [lastName=Martin, firstName=Bruce, address=25, Avenue RIO, city=Porto, zip=null, phone=32002020, email=bmartin@gmail.com]
2021-04-17 15:52:23,798 INFO com.safetynet.alerts.controller.PersonController [main] Response = @ResponseBody = Person [lastName=Martin, firstName=Bruce, address=25, Avenue RIO, city=Porto, zip=null, phone=32002020, email=bmartin@gmail.com]
2021-04-17 15:52:23,813 INFO com.safetynet.alerts.controller.PersonController [main] Request = @RequestBody = Person [lastName=Franklin, firstName=LORD, address=43 Bruyère, city=Albatros, zip=8484848, phone=0203003, email=flord@test.com]
2021-04-17 15:52:23,843 INFO com.safetynet.alerts.controller.PersonController [main] Request Delete person firstname karl, lastname mike
2021-04-17 15:52:23,864 INFO com.safetynet.alerts.controller.PersonController [main] Request Delete person firstname karl, lastname mike
2021-04-17 15:52:23,875 INFO com.safetynet.alerts.controller.PersonController [main] Request Delete person firstname , lastname mike
2021-04-17 15:52:23,887 INFO com.safetynet.alerts.controller.PersonController [main] Request Delete person firstname Dupont, lastname Aline
2021-04-17 15:52:23,903 INFO com.safetynet.alerts.controller.PersonController [main] Request community Parakou emails 
2021-04-17 15:52:23,956 INFO org.springframework.boot.StartupInfoLogger [main] Starting FirestationControllerTest using Java 11.0.10 on hero with PID 21651 (started by kiki in /home/kiki/IdeaProjects/alerts)
2021-04-17 15:52:23,956 INFO org.springframework.boot.SpringApplication [main] The following profiles are active: development
2021-04-17 15:52:24,360 INFO org.springframework.boot.StartupInfoLogger [main] Started FirestationControllerTest in 0.438 seconds (JVM running for 6.066)
2021-04-17 15:52:24,375 INFO com.safetynet.alerts.controller.FirestationController [main] Request = @RequestBody = Firestation [station=1, address=Rue 34 Cotonou]
2021-04-17 15:52:24,376 INFO com.safetynet.alerts.controller.FirestationController [main] Response = @ResponseBody = Firestation [station=1, address=Rue 34 Cotonou]
2021-04-17 15:52:24,397 INFO com.safetynet.alerts.controller.FirestationController [main] Request: retrieve stations coverage: [1, 2]
2021-04-17 15:52:24,398 INFO com.safetynet.alerts.controller.FirestationController [main] Response : stations coverage: [com.safetynet.alerts.model.dto.StationCoverageDTO@2f29e630, com.safetynet.alerts.model.dto.StationCoverageDTO@30811f91]
2021-04-17 15:52:24,412 INFO com.safetynet.alerts.controller.FirestationController [main] Request: retrieve persons covered at address: 25 rue Beauchamp
2021-04-17 15:52:24,413 INFO com.safetynet.alerts.controller.FirestationController [main] Response : persons covered at address: PersonsCoveredByStation{stationID=1, personsCovered=[PersonInfoDTO{nom='Frank', prenom='Alain', age=0, email='null', phone='null', address='null', allergies=null, medications=null}, PersonInfoDTO{nom='Bill', prenom='Black', age=0, email='null', phone='null', address='null', allergies=null, medications=null}], nbAdult=0, nbEnfants=0}
2021-04-17 15:52:24,423 INFO com.safetynet.alerts.controller.FirestationController [main] GET /firestations called
2021-04-17 15:52:24,431 INFO com.safetynet.alerts.controller.FirestationController [main] Request: retrieve Persons covered by station 1
2021-04-17 15:52:24,432 INFO com.safetynet.alerts.controller.FirestationController [main] Response : persons covered by station 1: PersonsCoveredByStation{stationID=1, personsCovered=[PersonInfoDTO{nom='Frank', prenom='Alain', age=0, email='null', phone='null', address='null', allergies=null, medications=null}, PersonInfoDTO{nom='Bill', prenom='Black', age=0, email='null', phone='null', address='null', allergies=null, medications=null}], nbAdult=0, nbEnfants=0}
2021-04-17 15:52:24,453 INFO com.safetynet.alerts.controller.FirestationController [main] Request: retrieve phone number for residents covered by station 1 
2021-04-17 15:52:24,454 INFO com.safetynet.alerts.controller.FirestationController [main] Response: phone number for residents covered by station 1 : [24 132 45]
2021-04-17 15:52:24,463 INFO com.safetynet.alerts.controller.FirestationController [main] Request = @RequestBody = Firestation [station=1, address=Rue 35 Cotonou]
2021-04-17 15:52:24,474 INFO com.safetynet.alerts.controller.FirestationController [main] Request: retrieve children covered at address 25 rue Beauchamp
2021-04-17 15:52:24,475 INFO com.safetynet.alerts.controller.FirestationController [main] Response : persons covered at address 25 rue Beauchamp : com.safetynet.alerts.model.dto.ChildrenCoveredDTO@698e1bf5
2021-04-17 16:22:12,709 INFO org.springframework.boot.StartupInfoLogger [main] Starting MedicalRecordControllerTest using Java 11.0.10 on hero with PID 24437 (started by kiki in /home/kiki/IdeaProjects/alerts)
2021-04-17 16:22:12,772 INFO org.springframework.boot.SpringApplication [main] The following profiles are active: development
2021-04-17 16:22:16,073 INFO org.springframework.boot.StartupInfoLogger [main] Started MedicalRecordControllerTest in 4.17 seconds (JVM running for 5.825)
2021-04-17 16:22:16,383 INFO com.safetynet.alerts.controller.MedicalRecordController [main] Request = @RequestBody = MedicalRecord [firstName=Aline, lastName=Durand, birthdate=Wed Feb 14 01:00:00 WAT 2001, medications=[quinine:200mg, chloroquine:400mg], allergies=[spatomine, beoziol]]
2021-04-17 16:22:25,152 INFO org.springframework.boot.StartupInfoLogger [main] Starting MedicalRecordControllerTest using Java 11.0.10 on hero with PID 24535 (started by kiki in /home/kiki/IdeaProjects/alerts)
2021-04-17 16:22:25,155 INFO org.springframework.boot.SpringApplication [main] The following profiles are active: development
2021-04-17 16:22:28,617 INFO org.springframework.boot.StartupInfoLogger [main] Started MedicalRecordControllerTest in 4.389 seconds (JVM running for 6.357)
2021-04-17 16:22:28,960 INFO com.safetynet.alerts.controller.MedicalRecordController [main] Request = @RequestBody = MedicalRecord [firstName=Aline, lastName=Durand, birthdate=Wed Feb 14 01:00:00 WAT 2001, medications=[quinine:200mg, chloroquine:400mg], allergies=[spatomine, beoziol]]
