2021-04-03 18:39:30,398 INFO org.springframework.boot.StartupInfoLogger [main] Starting FirestationControllerIT using Java 11.0.10 on hero with PID 22442 (started by kiki in /home/kiki/IdeaProjects/alerts)
2021-04-03 18:39:30,401 INFO org.springframework.boot.SpringApplication [main] The following profiles are active: development
2021-04-03 18:39:33,100 INFO org.springframework.boot.StartupInfoLogger [main] Started FirestationControllerIT in 3.574 seconds (JVM running for 8.25)
2021-04-03 18:39:34,175 INFO com.safetynet.alerts.controller.FirestationController [main] Request = @RequestBody = Firestation [station=10, address=67 Rue michon]
2021-04-03 18:39:34,233 INFO com.safetynet.alerts.controller.FirestationController [main] Response = @ResponseBody = Firestation [station=10, address=67 Rue michon]
2021-04-03 18:39:34,363 INFO com.safetynet.alerts.controller.FirestationController [main] GET /firestations called
2021-04-03 18:39:34,401 INFO com.safetynet.alerts.controller.FirestationController [main] Request = @RequestBody = Firestation [station=10, address=69 Rue machon]
2021-04-03 18:39:34,461 INFO com.safetynet.alerts.controller.FirestationController [main] Response = @ResponseBody = Firestation [station=10, address=69 Rue machon]
2021-04-03 18:39:34,617 INFO org.springframework.boot.StartupInfoLogger [main] Starting FirestationControllerTest using Java 11.0.10 on hero with PID 22442 (started by kiki in /home/kiki/IdeaProjects/alerts)
2021-04-03 18:39:34,618 INFO org.springframework.boot.SpringApplication [main] The following profiles are active: development
2021-04-03 18:39:35,495 INFO org.springframework.boot.StartupInfoLogger [main] Started FirestationControllerTest in 0.95 seconds (JVM running for 10.645)
2021-04-03 18:39:35,564 INFO com.safetynet.alerts.controller.FirestationController [main] Request = @RequestBody = Firestation [station=1, address=Rue 34 Cotonou]
2021-04-03 18:39:35,568 INFO com.safetynet.alerts.controller.FirestationController [main] Response = @ResponseBody = Firestation [station=1, address=Rue 34 Cotonou]
2021-04-03 18:39:35,600 INFO com.safetynet.alerts.controller.FirestationController [main] GET /firestations called
2021-04-03 18:39:35,618 INFO com.safetynet.alerts.controller.FirestationController [main] Request = @RequestBody = Firestation [station=1, address=Rue 35 Cotonou]
2021-04-03 18:39:35,700 INFO org.springframework.boot.StartupInfoLogger [main] Starting AlertsApplicationTests using Java 11.0.10 on hero with PID 22442 (started by kiki in /home/kiki/IdeaProjects/alerts)
2021-04-03 18:39:35,700 INFO org.springframework.boot.SpringApplication [main] The following profiles are active: development
2021-04-03 18:39:36,526 INFO org.springframework.boot.StartupInfoLogger [main] Started AlertsApplicationTests in 0.88 seconds (JVM running for 11.676)
2021-04-03 18:39:37,003 INFO com.safetynet.alerts.service.PersonService [main] Updating  person nom: 'mike' prénom: 'fiver
2021-04-03 18:39:37,004 INFO com.safetynet.alerts.service.PersonService [main] Updated  to: Person [lastName=fiver, firstName=mike, address=null, city=null, zip=null, phone=null, email=null]
2021-04-03 18:39:37,014 INFO com.safetynet.alerts.service.PersonService [main] Deleting the person
2021-04-03 18:39:37,019 INFO com.safetynet.alerts.service.PersonService [main] Person [nom:mike prénom:fred] successfully deleted
2021-04-03 18:39:37,091 INFO org.springframework.boot.StartupInfoLogger [main] Starting MedicalRecordControllerTest using Java 11.0.10 on hero with PID 22442 (started by kiki in /home/kiki/IdeaProjects/alerts)
2021-04-03 18:39:37,091 INFO org.springframework.boot.SpringApplication [main] The following profiles are active: development
2021-04-03 18:39:37,698 INFO org.springframework.boot.StartupInfoLogger [main] Started MedicalRecordControllerTest in 0.647 seconds (JVM running for 12.848)
2021-04-03 18:39:37,722 INFO com.safetynet.alerts.controller.MedicalRecordController [main] Request = @RequestBody = MedicalRecord [firstName=Aline, lastName=Dupont, birthdate=Thu Feb 24 01:00:00 WAT 2000, medications=[beotim:200mg, flavoquine:400mg], allergies=[spatonine, alacol]]
2021-04-03 18:39:37,725 INFO com.safetynet.alerts.controller.MedicalRecordController [main] Response = @ResponseBody = MedicalRecord [firstName=Aline, lastName=Dupont, birthdate=Fri Feb 25 00:00:00 WAT 2000, medications=[beotim:200mg, flavoquine:400mg], allergies=[spatonine, alacol]]
2021-04-03 18:39:37,737 INFO com.safetynet.alerts.controller.MedicalRecordController [main] GET /medicalrecords called
2021-04-03 18:39:37,756 INFO com.safetynet.alerts.controller.MedicalRecordController [main] Request Delete = @RequestBody = Dupond,Aline
2021-04-03 18:39:37,766 INFO com.safetynet.alerts.controller.MedicalRecordController [main] Request = @RequestBody = MedicalRecord [firstName=Aline, lastName=Durand, birthdate=Wed Feb 14 01:00:00 WAT 2001, medications=[quinine:200mg, chloroquine:400mg], allergies=[spatomine, beoziol]]
2021-04-03 18:39:37,786 INFO com.safetynet.alerts.service.MedicalRecordService [main] Deleting the person
2021-04-03 18:39:37,789 INFO com.safetynet.alerts.service.MedicalRecordService [main] Updating  person nom: 'Bill' prénom: 'Gink
2021-04-03 18:39:37,791 INFO com.safetynet.alerts.service.MedicalRecordService [main] Updated  to: MedicalRecord [firstName=Bill, lastName=Gink, birthdate=null, medications=null, allergies=null]
2021-04-03 18:39:37,881 INFO org.springframework.boot.StartupInfoLogger [main] Starting PersonControllerTest using Java 11.0.10 on hero with PID 22442 (started by kiki in /home/kiki/IdeaProjects/alerts)
2021-04-03 18:39:37,882 INFO org.springframework.boot.SpringApplication [main] The following profiles are active: development
2021-04-03 18:39:38,599 INFO org.springframework.boot.StartupInfoLogger [main] Started PersonControllerTest in 0.793 seconds (JVM running for 13.748)
2021-04-03 18:39:38,613 INFO com.safetynet.alerts.controller.PersonController [main] GET /persons called
2021-04-03 18:39:38,636 INFO com.safetynet.alerts.controller.PersonController [main] Request = @RequestBody = Person [lastName=Martin, firstName=Bruce, address=25, Avenue RIO, city=Porto, zip=null, phone=32002020, email=bmartin@gmail.com]
2021-04-03 18:39:38,637 INFO com.safetynet.alerts.controller.PersonController [main] Response = @ResponseBody = Person [lastName=Martin, firstName=Bruce, address=25, Avenue RIO, city=Porto, zip=null, phone=32002020, email=bmartin@gmail.com]
2021-04-03 18:39:38,662 INFO com.safetynet.alerts.controller.PersonController [main] Request = @RequestBody = Person [lastName=Franklin, firstName=LORD, address=43 Bruyère, city=Albatros, zip=8484848, phone=0203003, email=flord@test.com]
2021-04-03 18:39:38,681 INFO com.safetynet.alerts.controller.PersonController [main] Request Delete person firstname karl, lastname mike
2021-04-03 18:39:38,711 INFO com.safetynet.alerts.controller.PersonController [main] Request Delete person firstname karl, lastname mike
2021-04-03 18:39:38,730 INFO com.safetynet.alerts.controller.PersonController [main] Request Delete person firstname Dupont, lastname Aline
2021-04-03 18:39:38,751 INFO com.safetynet.alerts.controller.MedicalRecordController [main] GET /medicalrecords called
2021-04-03 18:39:38,814 INFO com.safetynet.alerts.controller.MedicalRecordController [main] Request = @RequestBody = MedicalRecord [firstName=Aline, lastName=Dupont, birthdate=Thu Feb 24 01:00:00 WAT 2000, medications=[beotim:200mg, flavoquine:400mg], allergies=[spatonine, alacol]]
2021-04-03 18:39:38,842 INFO com.safetynet.alerts.controller.MedicalRecordController [main] Response = @ResponseBody = MedicalRecord [firstName=Aline, lastName=Dupont, birthdate=Thu Feb 24 01:00:00 WAT 2000, medications=[beotim:200mg, flavoquine:400mg], allergies=[spatonine, alacol]]
2021-04-03 18:39:38,864 INFO com.safetynet.alerts.controller.MedicalRecordController [main] Request = @RequestBody = MedicalRecord [firstName=Aline, lastName=Dupont, birthdate=Wed Feb 14 01:00:00 WAT 2001, medications=[quinine:200mg, chloroquine:400mg], allergies=[spatomine, beoziol]]
2021-04-03 18:39:38,884 INFO com.safetynet.alerts.controller.MedicalRecordController [main] Response = @ResponseBody = MedicalRecord [firstName=Aline, lastName=Dupont, birthdate=Wed Feb 14 01:00:00 WAT 2001, medications=[quinine:200mg, chloroquine:400mg], allergies=[spatomine, beoziol]]
2021-04-03 18:39:38,910 INFO com.safetynet.alerts.controller.MedicalRecordController [main] Request Delete = @RequestBody = Dupont,Aline
2021-04-03 18:39:38,910 INFO com.safetynet.alerts.service.MedicalRecordService [main] Deleting the person
2021-04-03 18:39:39,005 INFO com.safetynet.alerts.controller.PersonController [main] Request = @RequestBody = Person [lastName=Benett, firstName=Trump, address=null, city=Parakou, zip=000000, phone=00495929949, email=btrump@trump.world]
2021-04-03 18:39:39,036 INFO com.safetynet.alerts.controller.PersonController [main] Response = @ResponseBody = Person [lastName=Benett, firstName=Trump, address=null, city=Parakou, zip=000000, phone=00495929949, email=btrump@trump.world]
2021-04-03 18:39:39,066 INFO com.safetynet.alerts.controller.PersonController [main] GET /persons called
2021-04-03 18:39:39,092 INFO com.safetynet.alerts.controller.PersonController [main] Request = @RequestBody = Person [lastName=Benett, firstName=Trump, address=null, city=Cotonou, zip=000000, phone=093939292, email=btrump@trump.world]
2021-04-03 18:39:39,096 INFO com.safetynet.alerts.controller.PersonController [main] Response = @ResponseBody = Person [lastName=Benett, firstName=Trump, address=null, city=Cotonou, zip=000000, phone=093939292, email=btrump@trump.world]
2021-04-03 18:39:39,133 INFO com.safetynet.alerts.controller.PersonController [main] Request Delete person firstname Trump, lastname Benett
2021-04-03 18:39:39,136 INFO com.safetynet.alerts.service.PersonService [main] Deleting the person
2021-04-03 18:39:39,161 INFO com.safetynet.alerts.service.PersonService [main] Person [nom:Trump prénom:Benett] successfully deleted
2021-04-03 18:56:10,361 INFO org.springframework.boot.StartupInfoLogger [main] Starting FirestationControllerIT using Java 11.0.10 on hero with PID 28258 (started by kiki in /home/kiki/IdeaProjects/alerts)
2021-04-03 18:56:10,365 INFO org.springframework.boot.SpringApplication [main] The following profiles are active: development
2021-04-03 18:56:13,546 INFO org.springframework.boot.StartupInfoLogger [main] Started FirestationControllerIT in 4.092 seconds (JVM running for 7.368)
2021-04-03 18:56:14,742 INFO com.safetynet.alerts.controller.FirestationController [main] Request = @RequestBody = Firestation [station=10, address=67 Rue michon]
2021-04-03 18:56:14,779 INFO com.safetynet.alerts.controller.FirestationController [main] Response = @ResponseBody = Firestation [station=10, address=67 Rue michon]
2021-04-03 18:56:14,933 INFO com.safetynet.alerts.controller.FirestationController [main] GET /firestations called
2021-04-03 18:56:14,986 INFO com.safetynet.alerts.controller.FirestationController [main] Request = @RequestBody = Firestation [station=10, address=69 Rue machon]
2021-04-03 18:56:15,032 INFO com.safetynet.alerts.controller.FirestationController [main] Response = @ResponseBody = Firestation [station=10, address=69 Rue machon]
2021-04-03 18:56:15,161 INFO org.springframework.boot.StartupInfoLogger [main] Starting FirestationControllerTest using Java 11.0.10 on hero with PID 28258 (started by kiki in /home/kiki/IdeaProjects/alerts)
2021-04-03 18:56:15,162 INFO org.springframework.boot.SpringApplication [main] The following profiles are active: development
2021-04-03 18:56:16,505 INFO org.springframework.boot.StartupInfoLogger [main] Started FirestationControllerTest in 1.377 seconds (JVM running for 10.328)
2021-04-03 18:56:16,568 INFO com.safetynet.alerts.controller.FirestationController [main] Request = @RequestBody = Firestation [station=1, address=Rue 34 Cotonou]
2021-04-03 18:56:16,578 INFO com.safetynet.alerts.controller.FirestationController [main] Response = @ResponseBody = Firestation [station=1, address=Rue 34 Cotonou]
2021-04-03 18:56:16,596 INFO com.safetynet.alerts.controller.FirestationController [main] GET /firestations called
2021-04-03 18:56:16,623 INFO com.safetynet.alerts.controller.FirestationController [main] Request = @RequestBody = Firestation [station=1, address=Rue 35 Cotonou]
2021-04-03 18:56:16,706 INFO org.springframework.boot.StartupInfoLogger [main] Starting AlertsApplicationTests using Java 11.0.10 on hero with PID 28258 (started by kiki in /home/kiki/IdeaProjects/alerts)
2021-04-03 18:56:16,706 INFO org.springframework.boot.SpringApplication [main] The following profiles are active: development
2021-04-03 18:56:17,929 INFO org.springframework.boot.StartupInfoLogger [main] Started AlertsApplicationTests in 1.276 seconds (JVM running for 11.752)
2021-04-03 18:56:18,550 INFO com.safetynet.alerts.service.PersonService [main] Updating  person nom: 'mike' prénom: 'fiver
2021-04-03 18:56:18,554 INFO com.safetynet.alerts.service.PersonService [main] Updated  to: Person [lastName=fiver, firstName=mike, address=null, city=null, zip=null, phone=null, email=null]
2021-04-03 18:56:18,569 INFO com.safetynet.alerts.service.PersonService [main] Deleting the person
2021-04-03 18:56:18,571 INFO com.safetynet.alerts.service.PersonService [main] Person [nom:mike prénom:fred] successfully deleted
2021-04-03 18:56:18,678 INFO org.springframework.boot.StartupInfoLogger [main] Starting MedicalRecordControllerTest using Java 11.0.10 on hero with PID 28258 (started by kiki in /home/kiki/IdeaProjects/alerts)
2021-04-03 18:56:18,679 INFO org.springframework.boot.SpringApplication [main] The following profiles are active: development
2021-04-03 18:56:19,376 INFO org.springframework.boot.StartupInfoLogger [main] Started MedicalRecordControllerTest in 0.754 seconds (JVM running for 13.198)
2021-04-03 18:56:19,397 INFO com.safetynet.alerts.controller.MedicalRecordController [main] Request = @RequestBody = MedicalRecord [firstName=Aline, lastName=Dupont, birthdate=Thu Feb 24 01:00:00 WAT 2000, medications=[beotim:200mg, flavoquine:400mg], allergies=[spatonine, alacol]]
2021-04-03 18:56:19,400 INFO com.safetynet.alerts.controller.MedicalRecordController [main] Response = @ResponseBody = MedicalRecord [firstName=Aline, lastName=Dupont, birthdate=Fri Feb 25 00:00:00 WAT 2000, medications=[beotim:200mg, flavoquine:400mg], allergies=[spatonine, alacol]]
2021-04-03 18:56:19,427 INFO com.safetynet.alerts.controller.MedicalRecordController [main] GET /medicalrecords called
2021-04-03 18:56:19,444 INFO com.safetynet.alerts.controller.MedicalRecordController [main] Request Delete = @RequestBody = Dupond,Aline
2021-04-03 18:56:19,462 INFO com.safetynet.alerts.controller.MedicalRecordController [main] Request = @RequestBody = MedicalRecord [firstName=Aline, lastName=Durand, birthdate=Wed Feb 14 01:00:00 WAT 2001, medications=[quinine:200mg, chloroquine:400mg], allergies=[spatomine, beoziol]]
2021-04-03 18:56:19,495 INFO com.safetynet.alerts.service.MedicalRecordService [main] Deleting the person
2021-04-03 18:56:19,499 INFO com.safetynet.alerts.service.MedicalRecordService [main] Updating  person nom: 'Bill' prénom: 'Gink
2021-04-03 18:56:19,499 INFO com.safetynet.alerts.service.MedicalRecordService [main] Updated  to: MedicalRecord [firstName=Bill, lastName=Gink, birthdate=null, medications=null, allergies=null]
2021-04-03 18:56:19,585 INFO org.springframework.boot.StartupInfoLogger [main] Starting PersonControllerTest using Java 11.0.10 on hero with PID 28258 (started by kiki in /home/kiki/IdeaProjects/alerts)
2021-04-03 18:56:19,586 INFO org.springframework.boot.SpringApplication [main] The following profiles are active: development
2021-04-03 18:56:20,464 INFO org.springframework.boot.StartupInfoLogger [main] Started PersonControllerTest in 0.935 seconds (JVM running for 14.287)
2021-04-03 18:56:20,480 INFO com.safetynet.alerts.controller.PersonController [main] GET /persons called
2021-04-03 18:56:20,511 INFO com.safetynet.alerts.controller.PersonController [main] Request = @RequestBody = Person [lastName=Martin, firstName=Bruce, address=25, Avenue RIO, city=Porto, zip=null, phone=32002020, email=bmartin@gmail.com]
2021-04-03 18:56:20,512 INFO com.safetynet.alerts.controller.PersonController [main] Response = @ResponseBody = Person [lastName=Martin, firstName=Bruce, address=25, Avenue RIO, city=Porto, zip=null, phone=32002020, email=bmartin@gmail.com]
2021-04-03 18:56:20,535 INFO com.safetynet.alerts.controller.PersonController [main] Request = @RequestBody = Person [lastName=Franklin, firstName=LORD, address=43 Bruyère, city=Albatros, zip=8484848, phone=0203003, email=flord@test.com]
2021-04-03 18:56:20,562 INFO com.safetynet.alerts.controller.PersonController [main] Request Delete person firstname karl, lastname mike
2021-04-03 18:56:20,600 INFO com.safetynet.alerts.controller.PersonController [main] Request Delete person firstname karl, lastname mike
2021-04-03 18:56:20,612 INFO com.safetynet.alerts.controller.PersonController [main] Request Delete person firstname Dupont, lastname Aline
2021-04-03 18:56:20,630 INFO com.safetynet.alerts.controller.MedicalRecordController [main] GET /medicalrecords called
2021-04-03 18:56:20,649 INFO com.safetynet.alerts.controller.MedicalRecordController [main] Request = @RequestBody = MedicalRecord [firstName=Aline, lastName=Dupont, birthdate=Thu Feb 24 01:00:00 WAT 2000, medications=[beotim:200mg, flavoquine:400mg], allergies=[spatonine, alacol]]
2021-04-03 18:56:20,666 INFO com.safetynet.alerts.controller.MedicalRecordController [main] Response = @ResponseBody = MedicalRecord [firstName=Aline, lastName=Dupont, birthdate=Thu Feb 24 01:00:00 WAT 2000, medications=[beotim:200mg, flavoquine:400mg], allergies=[spatonine, alacol]]
2021-04-03 18:56:20,678 INFO com.safetynet.alerts.controller.MedicalRecordController [main] Request = @RequestBody = MedicalRecord [firstName=Aline, lastName=Dupont, birthdate=Wed Feb 14 01:00:00 WAT 2001, medications=[quinine:200mg, chloroquine:400mg], allergies=[spatomine, beoziol]]
2021-04-03 18:56:20,725 INFO com.safetynet.alerts.controller.MedicalRecordController [main] Response = @ResponseBody = MedicalRecord [firstName=Aline, lastName=Dupont, birthdate=Wed Feb 14 01:00:00 WAT 2001, medications=[quinine:200mg, chloroquine:400mg], allergies=[spatomine, beoziol]]
2021-04-03 18:56:20,731 INFO com.safetynet.alerts.controller.MedicalRecordController [main] Request Delete = @RequestBody = Dupont,Aline
2021-04-03 18:56:20,732 INFO com.safetynet.alerts.service.MedicalRecordService [main] Deleting the person
2021-04-03 18:56:20,768 INFO com.safetynet.alerts.controller.PersonController [main] Request = @RequestBody = Person [lastName=Benett, firstName=Trump, address=null, city=Parakou, zip=000000, phone=00495929949, email=btrump@trump.world]
2021-04-03 18:56:20,788 INFO com.safetynet.alerts.controller.PersonController [main] Response = @ResponseBody = Person [lastName=Benett, firstName=Trump, address=null, city=Parakou, zip=000000, phone=00495929949, email=btrump@trump.world]
2021-04-03 18:56:20,798 INFO com.safetynet.alerts.controller.PersonController [main] GET /persons called
2021-04-03 18:56:20,818 INFO com.safetynet.alerts.controller.PersonController [main] Request = @RequestBody = Person [lastName=Benett, firstName=Trump, address=null, city=Cotonou, zip=000000, phone=093939292, email=btrump@trump.world]
2021-04-03 18:56:20,828 INFO com.safetynet.alerts.controller.PersonController [main] Response = @ResponseBody = Person [lastName=Benett, firstName=Trump, address=null, city=Cotonou, zip=000000, phone=093939292, email=btrump@trump.world]
2021-04-03 18:56:20,863 INFO com.safetynet.alerts.controller.PersonController [main] Request Delete person firstname Trump, lastname Benett
2021-04-03 18:56:20,867 INFO com.safetynet.alerts.service.PersonService [main] Deleting the person
2021-04-03 18:56:20,905 INFO com.safetynet.alerts.service.PersonService [main] Person [nom:Trump prénom:Benett] successfully deleted
2021-04-03 18:57:30,538 INFO org.springframework.boot.StartupInfoLogger [main] Starting FirestationControllerIT using Java 11.0.10 on hero with PID 28759 (started by kiki in /home/kiki/IdeaProjects/alerts)
2021-04-03 18:57:30,544 INFO org.springframework.boot.SpringApplication [main] The following profiles are active: development
2021-04-03 18:57:33,547 INFO org.springframework.boot.StartupInfoLogger [main] Started FirestationControllerIT in 3.914 seconds (JVM running for 7.039)
2021-04-03 18:57:34,557 INFO com.safetynet.alerts.controller.FirestationController [main] Request = @RequestBody = Firestation [station=10, address=67 Rue michon]
2021-04-03 18:57:34,600 INFO com.safetynet.alerts.controller.FirestationController [main] Response = @ResponseBody = Firestation [station=10, address=67 Rue michon]
2021-04-03 18:57:34,719 INFO com.safetynet.alerts.controller.FirestationController [main] GET /firestations called
2021-04-03 18:57:34,767 INFO com.safetynet.alerts.controller.FirestationController [main] Request = @RequestBody = Firestation [station=10, address=69 Rue machon]
2021-04-03 18:57:34,812 INFO com.safetynet.alerts.controller.FirestationController [main] Response = @ResponseBody = Firestation [station=10, address=69 Rue machon]
2021-04-03 18:57:34,993 INFO org.springframework.boot.StartupInfoLogger [main] Starting FirestationControllerTest using Java 11.0.10 on hero with PID 28759 (started by kiki in /home/kiki/IdeaProjects/alerts)
2021-04-03 18:57:34,994 INFO org.springframework.boot.SpringApplication [main] The following profiles are active: development
2021-04-03 18:57:36,052 INFO org.springframework.boot.StartupInfoLogger [main] Started FirestationControllerTest in 1.169 seconds (JVM running for 9.544)
2021-04-03 18:57:36,134 INFO com.safetynet.alerts.controller.FirestationController [main] Request = @RequestBody = Firestation [station=1, address=Rue 34 Cotonou]
2021-04-03 18:57:36,140 INFO com.safetynet.alerts.controller.FirestationController [main] Response = @ResponseBody = Firestation [station=1, address=Rue 34 Cotonou]
2021-04-03 18:57:36,168 INFO com.safetynet.alerts.controller.FirestationController [main] GET /firestations called
2021-04-03 18:57:36,187 INFO com.safetynet.alerts.controller.FirestationController [main] Request = @RequestBody = Firestation [station=1, address=Rue 35 Cotonou]
2021-04-03 18:57:36,273 INFO org.springframework.boot.StartupInfoLogger [main] Starting AlertsApplicationTests using Java 11.0.10 on hero with PID 28759 (started by kiki in /home/kiki/IdeaProjects/alerts)
2021-04-03 18:57:36,273 INFO org.springframework.boot.SpringApplication [main] The following profiles are active: development
2021-04-03 18:57:37,169 INFO org.springframework.boot.StartupInfoLogger [main] Started AlertsApplicationTests in 0.948 seconds (JVM running for 10.66)
2021-04-03 18:57:37,678 INFO com.safetynet.alerts.service.PersonService [main] Updating  person nom: 'mike' prénom: 'fiver
2021-04-03 18:57:37,679 INFO com.safetynet.alerts.service.PersonService [main] Updated  to: Person [lastName=fiver, firstName=mike, address=null, city=null, zip=null, phone=null, email=null]
2021-04-03 18:57:37,684 INFO com.safetynet.alerts.service.PersonService [main] Deleting the person
2021-04-03 18:57:37,685 INFO com.safetynet.alerts.service.PersonService [main] Person [nom:mike prénom:fred] successfully deleted
2021-04-03 18:57:37,776 INFO org.springframework.boot.StartupInfoLogger [main] Starting MedicalRecordControllerTest using Java 11.0.10 on hero with PID 28759 (started by kiki in /home/kiki/IdeaProjects/alerts)
2021-04-03 18:57:37,777 INFO org.springframework.boot.SpringApplication [main] The following profiles are active: development
2021-04-03 18:57:38,464 INFO org.springframework.boot.StartupInfoLogger [main] Started MedicalRecordControllerTest in 0.733 seconds (JVM running for 11.956)
2021-04-03 18:57:38,490 INFO com.safetynet.alerts.controller.MedicalRecordController [main] Request = @RequestBody = MedicalRecord [firstName=Aline, lastName=Dupont, birthdate=Thu Feb 24 01:00:00 WAT 2000, medications=[beotim:200mg, flavoquine:400mg], allergies=[spatonine, alacol]]
2021-04-03 18:57:38,494 INFO com.safetynet.alerts.controller.MedicalRecordController [main] Response = @ResponseBody = MedicalRecord [firstName=Aline, lastName=Dupont, birthdate=Fri Feb 25 00:00:00 WAT 2000, medications=[beotim:200mg, flavoquine:400mg], allergies=[spatonine, alacol]]
2021-04-03 18:57:38,516 INFO com.safetynet.alerts.controller.MedicalRecordController [main] GET /medicalrecords called
2021-04-03 18:57:38,535 INFO com.safetynet.alerts.controller.MedicalRecordController [main] Request Delete = @RequestBody = Dupond,Aline
2021-04-03 18:57:38,560 INFO com.safetynet.alerts.controller.MedicalRecordController [main] Request = @RequestBody = MedicalRecord [firstName=Aline, lastName=Durand, birthdate=Wed Feb 14 01:00:00 WAT 2001, medications=[quinine:200mg, chloroquine:400mg], allergies=[spatomine, beoziol]]
2021-04-03 18:57:38,584 INFO com.safetynet.alerts.service.MedicalRecordService [main] Deleting the person
2021-04-03 18:57:38,587 INFO com.safetynet.alerts.service.MedicalRecordService [main] Updating  person nom: 'Bill' prénom: 'Gink
2021-04-03 18:57:38,591 INFO com.safetynet.alerts.service.MedicalRecordService [main] Updated  to: MedicalRecord [firstName=Bill, lastName=Gink, birthdate=null, medications=null, allergies=null]
2021-04-03 18:57:38,666 INFO org.springframework.boot.StartupInfoLogger [main] Starting PersonControllerTest using Java 11.0.10 on hero with PID 28759 (started by kiki in /home/kiki/IdeaProjects/alerts)
2021-04-03 18:57:38,667 INFO org.springframework.boot.SpringApplication [main] The following profiles are active: development
2021-04-03 18:57:39,751 INFO org.springframework.boot.StartupInfoLogger [main] Started PersonControllerTest in 1.129 seconds (JVM running for 13.243)
2021-04-03 18:57:39,781 INFO com.safetynet.alerts.controller.PersonController [main] GET /persons called
2021-04-03 18:57:39,804 INFO com.safetynet.alerts.controller.PersonController [main] Request = @RequestBody = Person [lastName=Martin, firstName=Bruce, address=25, Avenue RIO, city=Porto, zip=null, phone=32002020, email=bmartin@gmail.com]
2021-04-03 18:57:39,805 INFO com.safetynet.alerts.controller.PersonController [main] Response = @ResponseBody = Person [lastName=Martin, firstName=Bruce, address=25, Avenue RIO, city=Porto, zip=null, phone=32002020, email=bmartin@gmail.com]
2021-04-03 18:57:39,843 INFO com.safetynet.alerts.controller.PersonController [main] Request = @RequestBody = Person [lastName=Franklin, firstName=LORD, address=43 Bruyère, city=Albatros, zip=8484848, phone=0203003, email=flord@test.com]
2021-04-03 18:57:39,867 INFO com.safetynet.alerts.controller.PersonController [main] Request Delete person firstname karl, lastname mike
2021-04-03 18:57:39,920 INFO com.safetynet.alerts.controller.PersonController [main] Request Delete person firstname karl, lastname mike
2021-04-03 18:57:39,969 INFO com.safetynet.alerts.controller.PersonController [main] Request Delete person firstname Dupont, lastname Aline
2021-04-03 18:57:40,034 INFO com.safetynet.alerts.controller.MedicalRecordController [main] GET /medicalrecords called
2021-04-03 18:57:40,096 INFO com.safetynet.alerts.controller.MedicalRecordController [main] Request = @RequestBody = MedicalRecord [firstName=Aline, lastName=Dupont, birthdate=Thu Feb 24 01:00:00 WAT 2000, medications=[beotim:200mg, flavoquine:400mg], allergies=[spatonine, alacol]]
2021-04-03 18:57:40,149 INFO com.safetynet.alerts.controller.MedicalRecordController [main] Response = @ResponseBody = MedicalRecord [firstName=Aline, lastName=Dupont, birthdate=Thu Feb 24 01:00:00 WAT 2000, medications=[beotim:200mg, flavoquine:400mg], allergies=[spatonine, alacol]]
2021-04-03 18:57:40,194 INFO com.safetynet.alerts.controller.MedicalRecordController [main] Request = @RequestBody = MedicalRecord [firstName=Aline, lastName=Dupont, birthdate=Wed Feb 14 01:00:00 WAT 2001, medications=[quinine:200mg, chloroquine:400mg], allergies=[spatomine, beoziol]]
2021-04-03 18:57:40,262 INFO com.safetynet.alerts.controller.MedicalRecordController [main] Response = @ResponseBody = MedicalRecord [firstName=Aline, lastName=Dupont, birthdate=Wed Feb 14 01:00:00 WAT 2001, medications=[quinine:200mg, chloroquine:400mg], allergies=[spatomine, beoziol]]
2021-04-03 18:57:40,294 INFO com.safetynet.alerts.controller.MedicalRecordController [main] Request Delete = @RequestBody = Dupont,Aline
2021-04-03 18:57:40,296 INFO com.safetynet.alerts.service.MedicalRecordService [main] Deleting the person
2021-04-03 18:57:40,396 INFO com.safetynet.alerts.controller.PersonController [main] Request = @RequestBody = Person [lastName=Benett, firstName=Trump, address=null, city=Parakou, zip=000000, phone=00495929949, email=btrump@trump.world]
2021-04-03 18:57:40,434 INFO com.safetynet.alerts.controller.PersonController [main] Response = @ResponseBody = Person [lastName=Benett, firstName=Trump, address=null, city=Parakou, zip=000000, phone=00495929949, email=btrump@trump.world]
2021-04-03 18:57:40,485 INFO com.safetynet.alerts.controller.PersonController [main] GET /persons called
2021-04-03 18:57:40,552 INFO com.safetynet.alerts.controller.PersonController [main] Request = @RequestBody = Person [lastName=Benett, firstName=Trump, address=null, city=Cotonou, zip=000000, phone=093939292, email=btrump@trump.world]
2021-04-03 18:57:40,564 INFO com.safetynet.alerts.controller.PersonController [main] Response = @ResponseBody = Person [lastName=Benett, firstName=Trump, address=null, city=Cotonou, zip=000000, phone=093939292, email=btrump@trump.world]
2021-04-03 18:57:40,607 INFO com.safetynet.alerts.controller.PersonController [main] Request Delete person firstname Trump, lastname Benett
2021-04-03 18:57:40,613 INFO com.safetynet.alerts.service.PersonService [main] Deleting the person
2021-04-03 18:57:40,633 INFO com.safetynet.alerts.service.PersonService [main] Person [nom:Trump prénom:Benett] successfully deleted
2021-04-03 19:45:33,319 INFO org.springframework.boot.StartupInfoLogger [main] Starting FirestationControllerIT using Java 11.0.10 on hero with PID 14367 (started by kiki in /home/kiki/IdeaProjects/alerts)
2021-04-03 19:45:33,329 INFO org.springframework.boot.SpringApplication [main] The following profiles are active: development
2021-04-03 19:45:36,238 INFO org.springframework.boot.StartupInfoLogger [main] Started FirestationControllerIT in 3.783 seconds (JVM running for 6.635)
2021-04-03 19:45:37,220 INFO com.safetynet.alerts.controller.FirestationController [main] Request = @RequestBody = Firestation [station=10, address=67 Rue michon]
2021-04-03 19:45:37,265 INFO com.safetynet.alerts.controller.FirestationController [main] Response = @ResponseBody = Firestation [station=10, address=67 Rue michon]
2021-04-03 19:45:37,357 INFO com.safetynet.alerts.controller.FirestationController [main] GET /firestations called
2021-04-03 19:45:37,408 INFO com.safetynet.alerts.controller.FirestationController [main] Request = @RequestBody = Firestation [station=10, address=69 Rue machon]
2021-04-03 19:45:37,474 INFO com.safetynet.alerts.controller.FirestationController [main] Response = @ResponseBody = Firestation [station=10, address=69 Rue machon]
2021-04-03 19:45:37,630 INFO org.springframework.boot.StartupInfoLogger [main] Starting FirestationControllerTest using Java 11.0.10 on hero with PID 14367 (started by kiki in /home/kiki/IdeaProjects/alerts)
2021-04-03 19:45:37,631 INFO org.springframework.boot.SpringApplication [main] The following profiles are active: development
2021-04-03 19:45:38,786 INFO org.springframework.boot.StartupInfoLogger [main] Started FirestationControllerTest in 1.225 seconds (JVM running for 9.183)
2021-04-03 19:45:38,871 INFO com.safetynet.alerts.controller.FirestationController [main] Request = @RequestBody = Firestation [station=1, address=Rue 34 Cotonou]
2021-04-03 19:45:38,877 INFO com.safetynet.alerts.controller.FirestationController [main] Response = @ResponseBody = Firestation [station=1, address=Rue 34 Cotonou]
2021-04-03 19:45:38,913 INFO com.safetynet.alerts.controller.FirestationController [main] GET /firestations called
2021-04-03 19:45:38,941 INFO com.safetynet.alerts.controller.FirestationController [main] Request = @RequestBody = Firestation [station=1, address=Rue 35 Cotonou]
2021-04-03 19:45:39,032 INFO org.springframework.boot.StartupInfoLogger [main] Starting AlertsApplicationTests using Java 11.0.10 on hero with PID 14367 (started by kiki in /home/kiki/IdeaProjects/alerts)
2021-04-03 19:45:39,033 INFO org.springframework.boot.SpringApplication [main] The following profiles are active: development
2021-04-03 19:45:39,871 INFO org.springframework.boot.StartupInfoLogger [main] Started AlertsApplicationTests in 0.895 seconds (JVM running for 10.268)
2021-04-03 19:45:40,446 INFO com.safetynet.alerts.service.PersonService [main] Updating  person nom: 'mike' prénom: 'fiver
2021-04-03 19:45:40,451 INFO com.safetynet.alerts.service.PersonService [main] Updated  to: Person [lastName=fiver, firstName=mike, address=null, city=null, zip=null, phone=null, email=null]
2021-04-03 19:45:40,484 INFO com.safetynet.alerts.service.PersonService [main] Deleting the person
2021-04-03 19:45:40,486 INFO com.safetynet.alerts.service.PersonService [main] Person [nom:mike prénom:fred] successfully deleted
2021-04-03 19:45:40,599 INFO org.springframework.boot.StartupInfoLogger [main] Starting MedicalRecordControllerTest using Java 11.0.10 on hero with PID 14367 (started by kiki in /home/kiki/IdeaProjects/alerts)
2021-04-03 19:45:40,599 INFO org.springframework.boot.SpringApplication [main] The following profiles are active: development
2021-04-03 19:45:41,306 INFO org.springframework.boot.StartupInfoLogger [main] Started MedicalRecordControllerTest in 0.764 seconds (JVM running for 11.703)
2021-04-03 19:45:41,337 INFO com.safetynet.alerts.controller.MedicalRecordController [main] Request = @RequestBody = MedicalRecord [firstName=Aline, lastName=Dupont, birthdate=Thu Feb 24 01:00:00 WAT 2000, medications=[beotim:200mg, flavoquine:400mg], allergies=[spatonine, alacol]]
2021-04-03 19:45:41,364 INFO com.safetynet.alerts.controller.MedicalRecordController [main] Response = @ResponseBody = MedicalRecord [firstName=Aline, lastName=Dupont, birthdate=Fri Feb 25 00:00:00 WAT 2000, medications=[beotim:200mg, flavoquine:400mg], allergies=[spatonine, alacol]]
2021-04-03 19:45:41,385 INFO com.safetynet.alerts.controller.MedicalRecordController [main] GET /medicalrecords called
2021-04-03 19:45:41,401 INFO com.safetynet.alerts.controller.MedicalRecordController [main] Request Delete = @RequestBody = Dupond,Aline
2021-04-03 19:45:41,422 INFO com.safetynet.alerts.controller.MedicalRecordController [main] Request = @RequestBody = MedicalRecord [firstName=Aline, lastName=Durand, birthdate=Wed Feb 14 01:00:00 WAT 2001, medications=[quinine:200mg, chloroquine:400mg], allergies=[spatomine, beoziol]]
2021-04-03 19:45:41,457 INFO com.safetynet.alerts.service.MedicalRecordService [main] Deleting the person
2021-04-03 19:45:41,460 INFO com.safetynet.alerts.service.MedicalRecordService [main] Updating  person nom: 'Bill' prénom: 'Gink
2021-04-03 19:45:41,463 INFO com.safetynet.alerts.service.MedicalRecordService [main] Updated  to: MedicalRecord [firstName=Bill, lastName=Gink, birthdate=null, medications=null, allergies=null]
2021-04-03 19:45:41,589 INFO org.springframework.boot.StartupInfoLogger [main] Starting PersonControllerTest using Java 11.0.10 on hero with PID 14367 (started by kiki in /home/kiki/IdeaProjects/alerts)
2021-04-03 19:45:41,589 INFO org.springframework.boot.SpringApplication [main] The following profiles are active: development
2021-04-03 19:45:42,221 INFO org.springframework.boot.StartupInfoLogger [main] Started PersonControllerTest in 0.698 seconds (JVM running for 12.618)
2021-04-03 19:45:42,235 INFO com.safetynet.alerts.controller.PersonController [main] GET /persons called
2021-04-03 19:45:42,260 INFO com.safetynet.alerts.controller.PersonController [main] Request = @RequestBody = Person [lastName=Martin, firstName=Bruce, address=25, Avenue RIO, city=Porto, zip=null, phone=32002020, email=bmartin@gmail.com]
2021-04-03 19:45:42,260 INFO com.safetynet.alerts.controller.PersonController [main] Response = @ResponseBody = Person [lastName=Martin, firstName=Bruce, address=25, Avenue RIO, city=Porto, zip=null, phone=32002020, email=bmartin@gmail.com]
2021-04-03 19:45:42,282 INFO com.safetynet.alerts.controller.PersonController [main] Request = @RequestBody = Person [lastName=Franklin, firstName=LORD, address=43 Bruyère, city=Albatros, zip=8484848, phone=0203003, email=flord@test.com]
2021-04-03 19:45:42,300 INFO com.safetynet.alerts.controller.PersonController [main] Request Delete person firstname karl, lastname mike
2021-04-03 19:45:42,322 INFO com.safetynet.alerts.controller.PersonController [main] Request Delete person firstname karl, lastname mike
2021-04-03 19:45:42,337 INFO com.safetynet.alerts.controller.PersonController [main] Request Delete person firstname Dupont, lastname Aline
2021-04-03 19:45:42,372 INFO com.safetynet.alerts.controller.MedicalRecordController [main] GET /medicalrecords called
2021-04-03 19:45:42,433 INFO com.safetynet.alerts.controller.MedicalRecordController [main] Request = @RequestBody = MedicalRecord [firstName=Aline, lastName=Dupont, birthdate=Thu Feb 24 01:00:00 WAT 2000, medications=[beotim:200mg, flavoquine:400mg], allergies=[spatonine, alacol]]
2021-04-03 19:45:42,476 INFO com.safetynet.alerts.controller.MedicalRecordController [main] Response = @ResponseBody = MedicalRecord [firstName=Aline, lastName=Dupont, birthdate=Thu Feb 24 01:00:00 WAT 2000, medications=[beotim:200mg, flavoquine:400mg], allergies=[spatonine, alacol]]
2021-04-03 19:45:42,501 INFO com.safetynet.alerts.controller.MedicalRecordController [main] Request = @RequestBody = MedicalRecord [firstName=Aline, lastName=Dupont, birthdate=Wed Feb 14 01:00:00 WAT 2001, medications=[quinine:200mg, chloroquine:400mg], allergies=[spatomine, beoziol]]
2021-04-03 19:45:42,524 INFO com.safetynet.alerts.controller.MedicalRecordController [main] Response = @ResponseBody = MedicalRecord [firstName=Aline, lastName=Dupont, birthdate=Wed Feb 14 01:00:00 WAT 2001, medications=[quinine:200mg, chloroquine:400mg], allergies=[spatomine, beoziol]]
2021-04-03 19:45:42,541 INFO com.safetynet.alerts.controller.MedicalRecordController [main] Request Delete = @RequestBody = Dupont,Aline
2021-04-03 19:45:42,541 INFO com.safetynet.alerts.service.MedicalRecordService [main] Deleting the person
2021-04-03 19:45:42,597 INFO com.safetynet.alerts.controller.PersonController [main] Request = @RequestBody = Person [lastName=Benett, firstName=Trump, address=null, city=Parakou, zip=000000, phone=00495929949, email=btrump@trump.world]
2021-04-03 19:45:42,627 INFO com.safetynet.alerts.controller.PersonController [main] Response = @ResponseBody = Person [lastName=Benett, firstName=Trump, address=null, city=Parakou, zip=000000, phone=00495929949, email=btrump@trump.world]
2021-04-03 19:45:42,644 INFO com.safetynet.alerts.controller.PersonController [main] GET /persons called
2021-04-03 19:45:42,661 INFO com.safetynet.alerts.controller.PersonController [main] Request = @RequestBody = Person [lastName=Benett, firstName=Trump, address=null, city=Cotonou, zip=000000, phone=093939292, email=btrump@trump.world]
2021-04-03 19:45:42,667 INFO com.safetynet.alerts.controller.PersonController [main] Response = @ResponseBody = Person [lastName=Benett, firstName=Trump, address=null, city=Cotonou, zip=000000, phone=093939292, email=btrump@trump.world]
2021-04-03 19:45:42,698 INFO com.safetynet.alerts.controller.PersonController [main] Request Delete person firstname Trump, lastname Benett
2021-04-03 19:45:42,703 INFO com.safetynet.alerts.service.PersonService [main] Deleting the person
2021-04-03 19:45:42,741 INFO com.safetynet.alerts.service.PersonService [main] Person [nom:Trump prénom:Benett] successfully deleted
2021-04-03 19:47:20,844 INFO org.springframework.boot.StartupInfoLogger [main] Starting FirestationControllerIT using Java 11.0.10 on hero with PID 14807 (started by kiki in /home/kiki/IdeaProjects/alerts)
2021-04-03 19:47:20,846 INFO org.springframework.boot.SpringApplication [main] The following profiles are active: development
2021-04-03 19:47:23,713 INFO org.springframework.boot.StartupInfoLogger [main] Started FirestationControllerIT in 3.697 seconds (JVM running for 6.656)
2021-04-03 19:47:24,623 INFO com.safetynet.alerts.controller.FirestationController [main] Request = @RequestBody = Firestation [station=10, address=67 Rue michon]
2021-04-03 19:47:24,661 INFO com.safetynet.alerts.controller.FirestationController [main] Response = @ResponseBody = Firestation [station=10, address=67 Rue michon]
2021-04-03 19:47:24,764 INFO com.safetynet.alerts.controller.FirestationController [main] GET /firestations called
2021-04-03 19:47:24,811 INFO com.safetynet.alerts.controller.FirestationController [main] Request = @RequestBody = Firestation [station=10, address=69 Rue machon]
2021-04-03 19:47:24,859 INFO com.safetynet.alerts.controller.FirestationController [main] Response = @ResponseBody = Firestation [station=10, address=69 Rue machon]
2021-04-03 19:47:24,990 INFO org.springframework.boot.StartupInfoLogger [main] Starting FirestationControllerTest using Java 11.0.10 on hero with PID 14807 (started by kiki in /home/kiki/IdeaProjects/alerts)
2021-04-03 19:47:24,991 INFO org.springframework.boot.SpringApplication [main] The following profiles are active: development
2021-04-03 19:47:25,948 INFO org.springframework.boot.StartupInfoLogger [main] Started FirestationControllerTest in 1.031 seconds (JVM running for 8.891)
2021-04-03 19:47:26,026 INFO com.safetynet.alerts.controller.FirestationController [main] Request = @RequestBody = Firestation [station=1, address=Rue 34 Cotonou]
2021-04-03 19:47:26,030 INFO com.safetynet.alerts.controller.FirestationController [main] Response = @ResponseBody = Firestation [station=1, address=Rue 34 Cotonou]
2021-04-03 19:47:26,047 INFO com.safetynet.alerts.controller.FirestationController [main] GET /firestations called
2021-04-03 19:47:26,080 INFO com.safetynet.alerts.controller.FirestationController [main] Request = @RequestBody = Firestation [station=1, address=Rue 35 Cotonou]
2021-04-03 19:47:26,156 INFO org.springframework.boot.StartupInfoLogger [main] Starting AlertsApplicationTests using Java 11.0.10 on hero with PID 14807 (started by kiki in /home/kiki/IdeaProjects/alerts)
2021-04-03 19:47:26,157 INFO org.springframework.boot.SpringApplication [main] The following profiles are active: development
2021-04-03 19:47:27,149 INFO org.springframework.boot.StartupInfoLogger [main] Started AlertsApplicationTests in 1.039 seconds (JVM running for 10.092)
2021-04-03 19:47:27,706 INFO com.safetynet.alerts.service.PersonService [main] Updating  person nom: 'mike' prénom: 'fiver
2021-04-03 19:47:27,710 INFO com.safetynet.alerts.service.PersonService [main] Updated  to: Person [lastName=fiver, firstName=mike, address=null, city=null, zip=null, phone=null, email=null]
2021-04-03 19:47:27,716 INFO com.safetynet.alerts.service.PersonService [main] Deleting the person
2021-04-03 19:47:27,717 INFO com.safetynet.alerts.service.PersonService [main] Person [nom:mike prénom:fred] successfully deleted
2021-04-03 19:47:27,786 INFO org.springframework.boot.StartupInfoLogger [main] Starting MedicalRecordControllerTest using Java 11.0.10 on hero with PID 14807 (started by kiki in /home/kiki/IdeaProjects/alerts)
2021-04-03 19:47:27,788 INFO org.springframework.boot.SpringApplication [main] The following profiles are active: development
2021-04-03 19:47:28,416 INFO org.springframework.boot.StartupInfoLogger [main] Started MedicalRecordControllerTest in 0.669 seconds (JVM running for 11.359)
2021-04-03 19:47:28,443 INFO com.safetynet.alerts.controller.MedicalRecordController [main] Request = @RequestBody = MedicalRecord [firstName=Aline, lastName=Dupont, birthdate=Thu Feb 24 01:00:00 WAT 2000, medications=[beotim:200mg, flavoquine:400mg], allergies=[spatonine, alacol]]
2021-04-03 19:47:28,444 INFO com.safetynet.alerts.controller.MedicalRecordController [main] Response = @ResponseBody = MedicalRecord [firstName=Aline, lastName=Dupont, birthdate=Fri Feb 25 00:00:00 WAT 2000, medications=[beotim:200mg, flavoquine:400mg], allergies=[spatonine, alacol]]
2021-04-03 19:47:28,463 INFO com.safetynet.alerts.controller.MedicalRecordController [main] GET /medicalrecords called
2021-04-03 19:47:28,483 INFO com.safetynet.alerts.controller.MedicalRecordController [main] Request Delete = @RequestBody = Dupond,Aline
2021-04-03 19:47:28,515 INFO com.safetynet.alerts.controller.MedicalRecordController [main] Request = @RequestBody = MedicalRecord [firstName=Aline, lastName=Durand, birthdate=Wed Feb 14 01:00:00 WAT 2001, medications=[quinine:200mg, chloroquine:400mg], allergies=[spatomine, beoziol]]
2021-04-03 19:47:28,546 INFO com.safetynet.alerts.service.MedicalRecordService [main] Deleting the person
2021-04-03 19:47:28,550 INFO com.safetynet.alerts.service.MedicalRecordService [main] Updating  person nom: 'Bill' prénom: 'Gink
2021-04-03 19:47:28,551 INFO com.safetynet.alerts.service.MedicalRecordService [main] Updated  to: MedicalRecord [firstName=Bill, lastName=Gink, birthdate=null, medications=null, allergies=null]
2021-04-03 19:47:28,614 INFO org.springframework.boot.StartupInfoLogger [main] Starting PersonControllerTest using Java 11.0.10 on hero with PID 14807 (started by kiki in /home/kiki/IdeaProjects/alerts)
2021-04-03 19:47:28,614 INFO org.springframework.boot.SpringApplication [main] The following profiles are active: development
2021-04-03 19:47:29,539 INFO org.springframework.boot.StartupInfoLogger [main] Started PersonControllerTest in 0.956 seconds (JVM running for 12.482)
2021-04-03 19:47:29,564 INFO com.safetynet.alerts.controller.PersonController [main] GET /persons called
2021-04-03 19:47:29,603 INFO com.safetynet.alerts.controller.PersonController [main] Request = @RequestBody = Person [lastName=Martin, firstName=Bruce, address=25, Avenue RIO, city=Porto, zip=null, phone=32002020, email=bmartin@gmail.com]
2021-04-03 19:47:29,605 INFO com.safetynet.alerts.controller.PersonController [main] Response = @ResponseBody = Person [lastName=Martin, firstName=Bruce, address=25, Avenue RIO, city=Porto, zip=null, phone=32002020, email=bmartin@gmail.com]
2021-04-03 19:47:29,631 INFO com.safetynet.alerts.controller.PersonController [main] Request = @RequestBody = Person [lastName=Franklin, firstName=LORD, address=43 Bruyère, city=Albatros, zip=8484848, phone=0203003, email=flord@test.com]
2021-04-03 19:47:29,647 INFO com.safetynet.alerts.controller.PersonController [main] Request Delete person firstname karl, lastname mike
2021-04-03 19:47:29,677 INFO com.safetynet.alerts.controller.PersonController [main] Request Delete person firstname karl, lastname mike
2021-04-03 19:47:29,693 INFO com.safetynet.alerts.controller.PersonController [main] Request Delete person firstname Dupont, lastname Aline
2021-04-03 19:47:29,720 INFO com.safetynet.alerts.controller.MedicalRecordController [main] GET /medicalrecords called
2021-04-03 19:47:29,764 INFO com.safetynet.alerts.controller.MedicalRecordController [main] Request = @RequestBody = MedicalRecord [firstName=Aline, lastName=Dupont, birthdate=Thu Feb 24 01:00:00 WAT 2000, medications=[beotim:200mg, flavoquine:400mg], allergies=[spatonine, alacol]]
2021-04-03 19:47:29,787 INFO com.safetynet.alerts.controller.MedicalRecordController [main] Response = @ResponseBody = MedicalRecord [firstName=Aline, lastName=Dupont, birthdate=Thu Feb 24 01:00:00 WAT 2000, medications=[beotim:200mg, flavoquine:400mg], allergies=[spatonine, alacol]]
2021-04-03 19:47:29,833 INFO com.safetynet.alerts.controller.MedicalRecordController [main] Request = @RequestBody = MedicalRecord [firstName=Aline, lastName=Dupont, birthdate=Wed Feb 14 01:00:00 WAT 2001, medications=[quinine:200mg, chloroquine:400mg], allergies=[spatomine, beoziol]]
2021-04-03 19:47:29,897 INFO com.safetynet.alerts.controller.MedicalRecordController [main] Response = @ResponseBody = MedicalRecord [firstName=Aline, lastName=Dupont, birthdate=Wed Feb 14 01:00:00 WAT 2001, medications=[quinine:200mg, chloroquine:400mg], allergies=[spatomine, beoziol]]
2021-04-03 19:47:29,915 INFO com.safetynet.alerts.controller.MedicalRecordController [main] Request Delete = @RequestBody = Dupont,Aline
2021-04-03 19:47:29,916 INFO com.safetynet.alerts.service.MedicalRecordService [main] Deleting the person
2021-04-03 19:47:30,025 INFO com.safetynet.alerts.controller.PersonController [main] Request = @RequestBody = Person [lastName=Benett, firstName=Trump, address=null, city=Parakou, zip=000000, phone=00495929949, email=btrump@trump.world]
2021-04-03 19:47:30,048 INFO com.safetynet.alerts.controller.PersonController [main] Response = @ResponseBody = Person [lastName=Benett, firstName=Trump, address=null, city=Parakou, zip=000000, phone=00495929949, email=btrump@trump.world]
2021-04-03 19:47:30,064 INFO com.safetynet.alerts.controller.PersonController [main] GET /persons called
2021-04-03 19:47:30,116 INFO com.safetynet.alerts.controller.PersonController [main] Request = @RequestBody = Person [lastName=Benett, firstName=Trump, address=null, city=Cotonou, zip=000000, phone=093939292, email=btrump@trump.world]
2021-04-03 19:47:30,125 INFO com.safetynet.alerts.controller.PersonController [main] Response = @ResponseBody = Person [lastName=Benett, firstName=Trump, address=null, city=Cotonou, zip=000000, phone=093939292, email=btrump@trump.world]
2021-04-03 19:47:30,195 INFO com.safetynet.alerts.controller.PersonController [main] Request Delete person firstname Trump, lastname Benett
2021-04-03 19:47:30,227 INFO com.safetynet.alerts.service.PersonService [main] Deleting the person
2021-04-03 19:47:30,254 INFO com.safetynet.alerts.service.PersonService [main] Person [nom:Trump prénom:Benett] successfully deleted
2021-04-03 19:49:11,692 INFO org.springframework.boot.StartupInfoLogger [main] Starting FirestationControllerIT using Java 11.0.10 on hero with PID 15536 (started by kiki in /home/kiki/IdeaProjects/alerts)
2021-04-03 19:49:11,699 INFO org.springframework.boot.SpringApplication [main] The following profiles are active: development
2021-04-03 19:49:14,513 INFO org.springframework.boot.StartupInfoLogger [main] Started FirestationControllerIT in 3.619 seconds (JVM running for 6.474)
2021-04-03 19:49:15,468 INFO com.safetynet.alerts.controller.FirestationController [main] Request = @RequestBody = Firestation [station=10, address=67 Rue michon]
2021-04-03 19:49:15,515 INFO com.safetynet.alerts.controller.FirestationController [main] Response = @ResponseBody = Firestation [station=10, address=67 Rue michon]
2021-04-03 19:49:15,624 INFO com.safetynet.alerts.controller.FirestationController [main] GET /firestations called
2021-04-03 19:49:15,677 INFO com.safetynet.alerts.controller.FirestationController [main] Request = @RequestBody = Firestation [station=10, address=69 Rue machon]
2021-04-03 19:49:15,751 INFO com.safetynet.alerts.controller.FirestationController [main] Response = @ResponseBody = Firestation [station=10, address=69 Rue machon]
2021-04-03 19:49:15,911 INFO org.springframework.boot.StartupInfoLogger [main] Starting FirestationControllerTest using Java 11.0.10 on hero with PID 15536 (started by kiki in /home/kiki/IdeaProjects/alerts)
2021-04-03 19:49:15,914 INFO org.springframework.boot.SpringApplication [main] The following profiles are active: development
2021-04-03 19:49:16,853 INFO org.springframework.boot.StartupInfoLogger [main] Started FirestationControllerTest in 1.006 seconds (JVM running for 8.815)
2021-04-03 19:49:16,924 INFO com.safetynet.alerts.controller.FirestationController [main] Request = @RequestBody = Firestation [station=1, address=Rue 34 Cotonou]
2021-04-03 19:49:16,928 INFO com.safetynet.alerts.controller.FirestationController [main] Response = @ResponseBody = Firestation [station=1, address=Rue 34 Cotonou]
2021-04-03 19:49:16,956 INFO com.safetynet.alerts.controller.FirestationController [main] GET /firestations called
2021-04-03 19:49:16,976 INFO com.safetynet.alerts.controller.FirestationController [main] Request = @RequestBody = Firestation [station=1, address=Rue 35 Cotonou]
2021-04-03 19:49:17,067 INFO org.springframework.boot.StartupInfoLogger [main] Starting AlertsApplicationTests using Java 11.0.10 on hero with PID 15536 (started by kiki in /home/kiki/IdeaProjects/alerts)
2021-04-03 19:49:17,068 INFO org.springframework.boot.SpringApplication [main] The following profiles are active: development
2021-04-03 19:49:18,048 INFO org.springframework.boot.StartupInfoLogger [main] Started AlertsApplicationTests in 1.034 seconds (JVM running for 10.01)
2021-04-03 19:49:18,637 INFO com.safetynet.alerts.service.PersonService [main] Updating  person nom: 'mike' prénom: 'fiver
2021-04-03 19:49:18,639 INFO com.safetynet.alerts.service.PersonService [main] Updated  to: Person [lastName=fiver, firstName=mike, address=null, city=null, zip=null, phone=null, email=null]
2021-04-03 19:49:18,646 INFO com.safetynet.alerts.service.PersonService [main] Deleting the person
2021-04-03 19:49:18,651 INFO com.safetynet.alerts.service.PersonService [main] Person [nom:mike prénom:fred] successfully deleted
2021-04-03 19:49:18,739 INFO org.springframework.boot.StartupInfoLogger [main] Starting MedicalRecordControllerTest using Java 11.0.10 on hero with PID 15536 (started by kiki in /home/kiki/IdeaProjects/alerts)
2021-04-03 19:49:18,739 INFO org.springframework.boot.SpringApplication [main] The following profiles are active: development
2021-04-03 19:49:19,372 INFO org.springframework.boot.StartupInfoLogger [main] Started MedicalRecordControllerTest in 0.684 seconds (JVM running for 11.333)
2021-04-03 19:49:19,396 INFO com.safetynet.alerts.controller.MedicalRecordController [main] Request = @RequestBody = MedicalRecord [firstName=Aline, lastName=Dupont, birthdate=Thu Feb 24 01:00:00 WAT 2000, medications=[beotim:200mg, flavoquine:400mg], allergies=[spatonine, alacol]]
2021-04-03 19:49:19,399 INFO com.safetynet.alerts.controller.MedicalRecordController [main] Response = @ResponseBody = MedicalRecord [firstName=Aline, lastName=Dupont, birthdate=Fri Feb 25 00:00:00 WAT 2000, medications=[beotim:200mg, flavoquine:400mg], allergies=[spatonine, alacol]]
2021-04-03 19:49:19,418 INFO com.safetynet.alerts.controller.MedicalRecordController [main] GET /medicalrecords called
2021-04-03 19:49:19,435 INFO com.safetynet.alerts.controller.MedicalRecordController [main] Request Delete = @RequestBody = Dupond,Aline
2021-04-03 19:49:19,453 INFO com.safetynet.alerts.controller.MedicalRecordController [main] Request = @RequestBody = MedicalRecord [firstName=Aline, lastName=Durand, birthdate=Wed Feb 14 01:00:00 WAT 2001, medications=[quinine:200mg, chloroquine:400mg], allergies=[spatomine, beoziol]]
2021-04-03 19:49:19,480 INFO com.safetynet.alerts.service.MedicalRecordService [main] Deleting the person
2021-04-03 19:49:19,484 INFO com.safetynet.alerts.service.MedicalRecordService [main] Updating  person nom: 'Bill' prénom: 'Gink
2021-04-03 19:49:19,485 INFO com.safetynet.alerts.service.MedicalRecordService [main] Updated  to: MedicalRecord [firstName=Bill, lastName=Gink, birthdate=null, medications=null, allergies=null]
2021-04-03 19:49:19,540 INFO org.springframework.boot.StartupInfoLogger [main] Starting PersonControllerTest using Java 11.0.10 on hero with PID 15536 (started by kiki in /home/kiki/IdeaProjects/alerts)
2021-04-03 19:49:19,540 INFO org.springframework.boot.SpringApplication [main] The following profiles are active: development
2021-04-03 19:49:20,240 INFO org.springframework.boot.StartupInfoLogger [main] Started PersonControllerTest in 0.733 seconds (JVM running for 12.202)
2021-04-03 19:49:20,256 INFO com.safetynet.alerts.controller.PersonController [main] GET /persons called
2021-04-03 19:49:20,287 INFO com.safetynet.alerts.controller.PersonController [main] Request = @RequestBody = Person [lastName=Martin, firstName=Bruce, address=25, Avenue RIO, city=Porto, zip=null, phone=32002020, email=bmartin@gmail.com]
2021-04-03 19:49:20,288 INFO com.safetynet.alerts.controller.PersonController [main] Response = @ResponseBody = Person [lastName=Martin, firstName=Bruce, address=25, Avenue RIO, city=Porto, zip=null, phone=32002020, email=bmartin@gmail.com]
2021-04-03 19:49:20,312 INFO com.safetynet.alerts.controller.PersonController [main] Request = @RequestBody = Person [lastName=Franklin, firstName=LORD, address=43 Bruyère, city=Albatros, zip=8484848, phone=0203003, email=flord@test.com]
2021-04-03 19:49:20,324 INFO com.safetynet.alerts.controller.PersonController [main] Request Delete person firstname karl, lastname mike
2021-04-03 19:49:20,357 INFO com.safetynet.alerts.controller.PersonController [main] Request Delete person firstname karl, lastname mike
2021-04-03 19:49:20,388 INFO com.safetynet.alerts.controller.PersonController [main] Request Delete person firstname Dupont, lastname Aline
2021-04-03 19:49:20,465 INFO com.safetynet.alerts.controller.MedicalRecordController [main] GET /medicalrecords called
2021-04-03 19:49:20,505 INFO com.safetynet.alerts.controller.MedicalRecordController [main] Request = @RequestBody = MedicalRecord [firstName=Aline, lastName=Dupont, birthdate=Thu Feb 24 01:00:00 WAT 2000, medications=[beotim:200mg, flavoquine:400mg], allergies=[spatonine, alacol]]
2021-04-03 19:49:20,532 INFO com.safetynet.alerts.controller.MedicalRecordController [main] Response = @ResponseBody = MedicalRecord [firstName=Aline, lastName=Dupont, birthdate=Thu Feb 24 01:00:00 WAT 2000, medications=[beotim:200mg, flavoquine:400mg], allergies=[spatonine, alacol]]
2021-04-03 19:49:20,551 INFO com.safetynet.alerts.controller.MedicalRecordController [main] Request = @RequestBody = MedicalRecord [firstName=Aline, lastName=Dupont, birthdate=Wed Feb 14 01:00:00 WAT 2001, medications=[quinine:200mg, chloroquine:400mg], allergies=[spatomine, beoziol]]
2021-04-03 19:49:20,599 INFO com.safetynet.alerts.controller.MedicalRecordController [main] Response = @ResponseBody = MedicalRecord [firstName=Aline, lastName=Dupont, birthdate=Wed Feb 14 01:00:00 WAT 2001, medications=[quinine:200mg, chloroquine:400mg], allergies=[spatomine, beoziol]]
2021-04-03 19:49:20,610 INFO com.safetynet.alerts.controller.MedicalRecordController [main] Request Delete = @RequestBody = Dupont,Aline
2021-04-03 19:49:20,610 INFO com.safetynet.alerts.service.MedicalRecordService [main] Deleting the person
2021-04-03 19:49:20,702 INFO com.safetynet.alerts.controller.PersonController [main] Request = @RequestBody = Person [lastName=Benett, firstName=Trump, address=null, city=Parakou, zip=000000, phone=00495929949, email=btrump@trump.world]
2021-04-03 19:49:20,727 INFO com.safetynet.alerts.controller.PersonController [main] Response = @ResponseBody = Person [lastName=Benett, firstName=Trump, address=null, city=Parakou, zip=000000, phone=00495929949, email=btrump@trump.world]
2021-04-03 19:49:20,740 INFO com.safetynet.alerts.controller.PersonController [main] GET /persons called
2021-04-03 19:49:20,766 INFO com.safetynet.alerts.controller.PersonController [main] Request = @RequestBody = Person [lastName=Benett, firstName=Trump, address=null, city=Cotonou, zip=000000, phone=093939292, email=btrump@trump.world]
2021-04-03 19:49:20,770 INFO com.safetynet.alerts.controller.PersonController [main] Response = @ResponseBody = Person [lastName=Benett, firstName=Trump, address=null, city=Cotonou, zip=000000, phone=093939292, email=btrump@trump.world]
2021-04-03 19:49:20,802 INFO com.safetynet.alerts.controller.PersonController [main] Request Delete person firstname Trump, lastname Benett
2021-04-03 19:49:20,806 INFO com.safetynet.alerts.service.PersonService [main] Deleting the person
2021-04-03 19:49:20,835 INFO com.safetynet.alerts.service.PersonService [main] Person [nom:Trump prénom:Benett] successfully deleted
